{"meta": {"format": 3, "version": "7.11.3", "timestamp": "2026-02-10T13:03:28.097058", "branch_coverage": false, "show_contexts": false}, "files": {"/home/kidpixo/Documents/work/MESSENGER/MASCS_gn_dlr_processed/healpyxel/healpyxel/__init__.py": {"executed_lines": [1, 4, 5, 6, 7, 8, 9, 11], "summary": {"covered_lines": 8, "num_statements": 8, "percent_covered": 100.0, "percent_covered_display": "100", "missing_lines": 0, "excluded_lines": 0}, "missing_lines": [], "excluded_lines": [], "functions": {"": {"executed_lines": [1, 4, 5, 6, 7, 8, 9, 11], "summary": {"covered_lines": 8, "num_statements": 8, "percent_covered": 100.0, "percent_covered_display": "100", "missing_lines": 0, "excluded_lines": 0}, "missing_lines": [], "excluded_lines": []}}, "classes": {"": {"executed_lines": [1, 4, 5, 6, 7, 8, 9, 11], "summary": {"covered_lines": 8, "num_statements": 8, "percent_covered": 100.0, "percent_covered_display": "100", "missing_lines": 0, "excluded_lines": 0}, "missing_lines": [], "excluded_lines": []}}}, "/home/kidpixo/Documents/work/MESSENGER/MASCS_gn_dlr_processed/healpyxel/healpyxel/_modidx.py": {"executed_lines": [], "summary": {"covered_lines": 0, "num_statements": 1, "percent_covered": 0.0, "percent_covered_display": "0", "missing_lines": 1, "excluded_lines": 0}, "missing_lines": [3], "excluded_lines": [], "functions": {"": {"executed_lines": [], "summary": {"covered_lines": 0, "num_statements": 1, "percent_covered": 0.0, "percent_covered_display": "0", "missing_lines": 1, "excluded_lines": 0}, "missing_lines": [3], "excluded_lines": []}}, "classes": {"": {"executed_lines": [], "summary": {"covered_lines": 0, "num_statements": 1, "percent_covered": 0.0, "percent_covered_display": "0", "missing_lines": 1, "excluded_lines": 0}, "missing_lines": [3], "excluded_lines": []}}}, "/home/kidpixo/Documents/work/MESSENGER/MASCS_gn_dlr_processed/healpyxel/healpyxel/accumulator.py": {"executed_lines": [4, 8, 41, 42, 43, 44, 45, 46, 47, 49, 50, 52, 54, 55, 56, 61, 62, 63, 68, 69, 70, 75, 76, 79, 80, 85, 92, 104, 115, 116, 120, 121, 128, 138, 139, 154, 155, 161, 168, 190, 207, 226, 227, 247, 327, 404, 461, 517, 554, 765, 776], "summary": {"covered_lines": 49, "num_statements": 356, "percent_covered": 13.764044943820224, "percent_covered_display": "14", "missing_lines": 307, "excluded_lines": 0}, "missing_lines": [57, 58, 59, 64, 65, 66, 71, 72, 73, 86, 87, 88, 89, 90, 94, 95, 96, 98, 99, 100, 101, 102, 106, 107, 109, 110, 111, 112, 113, 118, 123, 124, 125, 126, 130, 141, 142, 143, 144, 145, 146, 147, 148, 149, 150, 151, 162, 163, 165, 166, 176, 177, 178, 181, 182, 183, 186, 187, 188, 193, 194, 195, 196, 199, 200, 201, 202, 204, 205, 209, 214, 216, 224, 229, 232, 233, 236, 237, 238, 240, 241, 242, 244, 269, 270, 272, 274, 275, 278, 279, 280, 281, 284, 290, 292, 293, 294, 297, 298, 300, 301, 303, 305, 307, 308, 309, 311, 314, 315, 316, 317, 319, 320, 321, 323, 324, 345, 348, 349, 350, 351, 353, 354, 355, 359, 360, 361, 363, 365, 368, 389, 392, 393, 395, 399, 401, 423, 425, 426, 429, 430, 431, 432, 433, 434, 437, 439, 440, 441, 442, 444, 445, 448, 452, 453, 455, 457, 458, 480, 487, 488, 489, 490, 493, 494, 495, 496, 499, 500, 501, 502, 505, 506, 511, 512, 514, 529, 531, 532, 533, 534, 535, 537, 538, 539, 542, 543, 544, 547, 548, 549, 551, 555, 576, 578, 580, 582, 586, 590, 592, 596, 598, 602, 605, 607, 610, 613, 614, 615, 616, 619, 620, 621, 622, 625, 626, 628, 629, 630, 631, 632, 633, 634, 636, 637, 638, 641, 642, 643, 644, 645, 646, 647, 648, 651, 652, 653, 654, 655, 656, 657, 658, 659, 662, 663, 664, 665, 666, 667, 668, 669, 670, 671, 673, 676, 677, 678, 679, 680, 681, 682, 685, 686, 687, 688, 689, 692, 693, 694, 695, 696, 697, 698, 701, 702, 704, 713, 714, 717, 723, 737, 738, 739, 740, 745, 746, 749, 750, 751, 753, 754, 755, 757, 758, 759, 760, 762, 767, 768, 769, 770, 771, 772, 777, 778, 779, 781], "excluded_lines": [], "functions": {"StreamingStats.__init__": {"executed_lines": [], "summary": {"covered_lines": 0, "num_statements": 5, "percent_covered": 0.0, "percent_covered_display": "0", "missing_lines": 5, "excluded_lines": 0}, "missing_lines": [86, 87, 88, 89, 90], "excluded_lines": []}, "StreamingStats.update": {"executed_lines": [], "summary": {"covered_lines": 0, "num_statements": 8, "percent_covered": 0.0, "percent_covered_display": "0", "missing_lines": 8, "excluded_lines": 0}, "missing_lines": [94, 95, 96, 98, 99, 100, 101, 102], "excluded_lines": []}, "StreamingStats.merge": {"executed_lines": [], "summary": {"covered_lines": 0, "num_statements": 7, "percent_covered": 0.0, "percent_covered_display": "0", "missing_lines": 7, "excluded_lines": 0}, "missing_lines": [106, 107, 109, 110, 111, 112, 113], "excluded_lines": []}, "StreamingStats.mean": {"executed_lines": [], "summary": {"covered_lines": 0, "num_statements": 1, "percent_covered": 0.0, "percent_covered_display": "0", "missing_lines": 1, "excluded_lines": 0}, "missing_lines": [118], "excluded_lines": []}, "StreamingStats.std": {"executed_lines": [], "summary": {"covered_lines": 0, "num_statements": 4, "percent_covered": 0.0, "percent_covered_display": "0", "missing_lines": 4, "excluded_lines": 0}, "missing_lines": [123, 124, 125, 126], "excluded_lines": []}, "StreamingStats.to_dict": {"executed_lines": [], "summary": {"covered_lines": 0, "num_statements": 1, "percent_covered": 0.0, "percent_covered_display": "0", "missing_lines": 1, "excluded_lines": 0}, "missing_lines": [130], "excluded_lines": []}, "StreamingStats.from_dict": {"executed_lines": [], "summary": {"covered_lines": 0, "num_statements": 11, "percent_covered": 0.0, "percent_covered_display": "0", "missing_lines": 11, "excluded_lines": 0}, "missing_lines": [141, 142, 143, 144, 145, 146, 147, 148, 149, 150, 151], "excluded_lines": []}, "CellAccumulator.__init__": {"executed_lines": [], "summary": {"covered_lines": 0, "num_statements": 4, "percent_covered": 0.0, "percent_covered_display": "0", "missing_lines": 4, "excluded_lines": 0}, "missing_lines": [162, 163, 165, 166], "excluded_lines": []}, "CellAccumulator.update": {"executed_lines": [], "summary": {"covered_lines": 0, "num_statements": 9, "percent_covered": 0.0, "percent_covered_display": "0", "missing_lines": 9, "excluded_lines": 0}, "missing_lines": [176, 177, 178, 181, 182, 183, 186, 187, 188], "excluded_lines": []}, "CellAccumulator.merge": {"executed_lines": [], "summary": {"covered_lines": 0, "num_statements": 10, "percent_covered": 0.0, "percent_covered_display": "0", "missing_lines": 10, "excluded_lines": 0}, "missing_lines": [193, 194, 195, 196, 199, 200, 201, 202, 204, 205], "excluded_lines": []}, "CellAccumulator.to_dict": {"executed_lines": [], "summary": {"covered_lines": 0, "num_statements": 4, "percent_covered": 0.0, "percent_covered_display": "0", "missing_lines": 4, "excluded_lines": 0}, "missing_lines": [209, 214, 216, 224], "excluded_lines": []}, "CellAccumulator.from_dict": {"executed_lines": [], "summary": {"covered_lines": 0, "num_statements": 10, "percent_covered": 0.0, "percent_covered_display": "0", "missing_lines": 10, "excluded_lines": 0}, "missing_lines": [229, 232, 233, 236, 237, 238, 240, 241, 242, 244], "excluded_lines": []}, "accumulate_batch": {"executed_lines": [], "summary": {"covered_lines": 0, "num_statements": 33, "percent_covered": 0.0, "percent_covered_display": "0", "missing_lines": 33, "excluded_lines": 0}, "missing_lines": [269, 270, 272, 274, 275, 278, 279, 280, 281, 284, 290, 292, 293, 294, 297, 298, 300, 301, 303, 305, 307, 308, 309, 311, 314, 315, 316, 317, 319, 320, 321, 323, 324], "excluded_lines": []}, "save_state": {"executed_lines": [], "summary": {"covered_lines": 0, "num_statements": 20, "percent_covered": 0.0, "percent_covered_display": "0", "missing_lines": 20, "excluded_lines": 0}, "missing_lines": [345, 348, 349, 350, 351, 353, 354, 355, 359, 360, 361, 363, 365, 368, 389, 392, 393, 395, 399, 401], "excluded_lines": []}, "load_state": {"executed_lines": [], "summary": {"covered_lines": 0, "num_statements": 22, "percent_covered": 0.0, "percent_covered_display": "0", "missing_lines": 22, "excluded_lines": 0}, "missing_lines": [423, 425, 426, 429, 430, 431, 432, 433, 434, 437, 439, 440, 441, 442, 444, 445, 448, 452, 453, 455, 457, 458], "excluded_lines": []}, "validate_accumulator_sidecar_compatibility": {"executed_lines": [], "summary": {"covered_lines": 0, "num_statements": 18, "percent_covered": 0.0, "percent_covered_display": "0", "missing_lines": 18, "excluded_lines": 0}, "missing_lines": [480, 487, 488, 489, 490, 493, 494, 495, 496, 499, 500, 501, 502, 505, 506, 511, 512, 514], "excluded_lines": []}, "find_sidecar": {"executed_lines": [], "summary": {"covered_lines": 0, "num_statements": 16, "percent_covered": 0.0, "percent_covered_display": "0", "missing_lines": 16, "excluded_lines": 0}, "missing_lines": [529, 531, 532, 533, 534, 535, 537, 538, 539, 542, 543, 544, 547, 548, 549, 551], "excluded_lines": []}, "main": {"executed_lines": [], "summary": {"covered_lines": 0, "num_statements": 105, "percent_covered": 0.0, "percent_covered_display": "0", "missing_lines": 105, "excluded_lines": 0}, "missing_lines": [555, 576, 578, 580, 582, 586, 590, 592, 596, 598, 602, 605, 607, 610, 613, 614, 615, 616, 619, 620, 621, 622, 625, 626, 628, 629, 630, 631, 632, 633, 634, 636, 637, 638, 641, 642, 643, 644, 645, 646, 647, 648, 651, 652, 653, 654, 655, 656, 657, 658, 659, 662, 663, 664, 665, 666, 667, 668, 669, 670, 671, 673, 676, 677, 678, 679, 680, 681, 682, 685, 686, 687, 688, 689, 692, 693, 694, 695, 696, 697, 698, 701, 702, 704, 713, 714, 717, 723, 737, 738, 739, 740, 745, 746, 749, 750, 751, 753, 754, 755, 757, 758, 759, 760, 762], "excluded_lines": []}, "_in_ipython_kernel": {"executed_lines": [], "summary": {"covered_lines": 0, "num_statements": 6, "percent_covered": 0.0, "percent_covered_display": "0", "missing_lines": 6, "excluded_lines": 0}, "missing_lines": [767, 768, 769, 770, 771, 772], "excluded_lines": []}, "": {"executed_lines": [4, 8, 41, 42, 43, 44, 45, 46, 47, 49, 50, 52, 54, 55, 56, 61, 62, 63, 68, 69, 70, 75, 76, 79, 80, 85, 92, 104, 115, 116, 120, 121, 128, 138, 139, 154, 155, 161, 168, 190, 207, 226, 227, 247, 327, 404, 461, 517, 554, 765, 776], "summary": {"covered_lines": 49, "num_statements": 62, "percent_covered": 79.03225806451613, "percent_covered_display": "79", "missing_lines": 13, "excluded_lines": 0}, "missing_lines": [57, 58, 59, 64, 65, 66, 71, 72, 73, 777, 778, 779, 781], "excluded_lines": []}}, "classes": {"StreamingStats": {"executed_lines": [], "summary": {"covered_lines": 0, "num_statements": 37, "percent_covered": 0.0, "percent_covered_display": "0", "missing_lines": 37, "excluded_lines": 0}, "missing_lines": [86, 87, 88, 89, 90, 94, 95, 96, 98, 99, 100, 101, 102, 106, 107, 109, 110, 111, 112, 113, 118, 123, 124, 125, 126, 130, 141, 142, 143, 144, 145, 146, 147, 148, 149, 150, 151], "excluded_lines": []}, "CellAccumulator": {"executed_lines": [], "summary": {"covered_lines": 0, "num_statements": 37, "percent_covered": 0.0, "percent_covered_display": "0", "missing_lines": 37, "excluded_lines": 0}, "missing_lines": [162, 163, 165, 166, 176, 177, 178, 181, 182, 183, 186, 187, 188, 193, 194, 195, 196, 199, 200, 201, 202, 204, 205, 209, 214, 216, 224, 229, 232, 233, 236, 237, 238, 240, 241, 242, 244], "excluded_lines": []}, "": {"executed_lines": [4, 8, 41, 42, 43, 44, 45, 46, 47, 49, 50, 52, 54, 55, 56, 61, 62, 63, 68, 69, 70, 75, 76, 79, 80, 85, 92, 104, 115, 116, 120, 121, 128, 138, 139, 154, 155, 161, 168, 190, 207, 226, 227, 247, 327, 404, 461, 517, 554, 765, 776], "summary": {"covered_lines": 49, "num_statements": 282, "percent_covered": 17.375886524822697, "percent_covered_display": "17", "missing_lines": 233, "excluded_lines": 0}, "missing_lines": [57, 58, 59, 64, 65, 66, 71, 72, 73, 269, 270, 272, 274, 275, 278, 279, 280, 281, 284, 290, 292, 293, 294, 297, 298, 300, 301, 303, 305, 307, 308, 309, 311, 314, 315, 316, 317, 319, 320, 321, 323, 324, 345, 348, 349, 350, 351, 353, 354, 355, 359, 360, 361, 363, 365, 368, 389, 392, 393, 395, 399, 401, 423, 425, 426, 429, 430, 431, 432, 433, 434, 437, 439, 440, 441, 442, 444, 445, 448, 452, 453, 455, 457, 458, 480, 487, 488, 489, 490, 493, 494, 495, 496, 499, 500, 501, 502, 505, 506, 511, 512, 514, 529, 531, 532, 533, 534, 535, 537, 538, 539, 542, 543, 544, 547, 548, 549, 551, 555, 576, 578, 580, 582, 586, 590, 592, 596, 598, 602, 605, 607, 610, 613, 614, 615, 616, 619, 620, 621, 622, 625, 626, 628, 629, 630, 631, 632, 633, 634, 636, 637, 638, 641, 642, 643, 644, 645, 646, 647, 648, 651, 652, 653, 654, 655, 656, 657, 658, 659, 662, 663, 664, 665, 666, 667, 668, 669, 670, 671, 673, 676, 677, 678, 679, 680, 681, 682, 685, 686, 687, 688, 689, 692, 693, 694, 695, 696, 697, 698, 701, 702, 704, 713, 714, 717, 723, 737, 738, 739, 740, 745, 746, 749, 750, 751, 753, 754, 755, 757, 758, 759, 760, 762, 767, 768, 769, 770, 771, 772, 777, 778, 779, 781], "excluded_lines": []}}}, "/home/kidpixo/Documents/work/MESSENGER/MASCS_gn_dlr_processed/healpyxel/healpyxel/aggregate.py": {"executed_lines": [4, 11, 30, 31, 32, 33, 34, 35, 36, 37, 38, 39, 40, 41, 42, 44, 45, 46, 60, 61, 62, 67, 68, 69, 76, 81, 86, 95, 103, 114, 166, 200, 258, 450, 479, 521, 555, 586, 758, 759, 763, 1095, 1356, 1365, 1558], "summary": {"covered_lines": 45, "num_statements": 657, "percent_covered": 6.8493150684931505, "percent_covered_display": "7", "missing_lines": 612, "excluded_lines": 0}, "missing_lines": [47, 48, 50, 51, 52, 53, 54, 55, 56, 57, 58, 63, 64, 65, 70, 71, 72, 88, 89, 90, 91, 92, 97, 98, 99, 100, 140, 141, 144, 146, 148, 149, 152, 153, 156, 157, 160, 161, 163, 181, 186, 187, 188, 189, 190, 191, 192, 193, 195, 196, 197, 220, 222, 223, 224, 226, 227, 229, 230, 231, 232, 233, 234, 236, 237, 240, 241, 243, 244, 246, 247, 254, 277, 279, 281, 282, 284, 286, 287, 289, 290, 291, 292, 295, 296, 297, 298, 299, 300, 301, 302, 305, 306, 307, 309, 310, 311, 312, 313, 314, 315, 316, 317, 320, 321, 322, 323, 324, 327, 328, 329, 330, 331, 332, 335, 336, 338, 341, 344, 345, 346, 347, 348, 349, 350, 351, 353, 354, 355, 358, 359, 360, 362, 365, 366, 367, 369, 370, 371, 372, 373, 374, 375, 376, 377, 378, 379, 382, 383, 386, 387, 388, 391, 392, 393, 394, 395, 398, 399, 400, 401, 402, 403, 404, 405, 406, 407, 408, 409, 410, 411, 413, 415, 416, 417, 429, 432, 433, 434, 435, 436, 439, 440, 441, 443, 445, 446, 458, 459, 460, 462, 463, 464, 466, 467, 468, 469, 470, 471, 472, 473, 474, 475, 476, 487, 488, 490, 491, 492, 495, 496, 497, 500, 501, 502, 503, 504, 505, 506, 507, 508, 510, 512, 513, 514, 515, 535, 536, 537, 538, 539, 540, 541, 542, 543, 544, 545, 546, 547, 548, 549, 550, 551, 573, 575, 576, 579, 581, 582, 613, 614, 619, 620, 623, 624, 625, 629, 630, 633, 634, 635, 636, 637, 638, 641, 642, 645, 646, 647, 650, 651, 652, 653, 656, 657, 658, 659, 662, 663, 664, 667, 668, 669, 670, 672, 673, 674, 675, 678, 679, 682, 683, 684, 686, 687, 688, 690, 691, 693, 694, 695, 696, 697, 698, 701, 702, 705, 708, 709, 710, 711, 712, 715, 723, 724, 725, 728, 729, 731, 732, 733, 734, 737, 738, 739, 740, 741, 742, 744, 746, 749, 750, 752, 753, 761, 765, 818, 827, 837, 853, 861, 869, 878, 889, 903, 911, 924, 936, 952, 965, 979, 990, 999, 1010, 1026, 1035, 1043, 1055, 1064, 1075, 1078, 1079, 1082, 1083, 1084, 1086, 1087, 1088, 1089, 1091, 1119, 1127, 1128, 1131, 1132, 1133, 1134, 1135, 1136, 1137, 1138, 1139, 1140, 1141, 1143, 1145, 1148, 1149, 1150, 1151, 1152, 1153, 1154, 1155, 1158, 1159, 1160, 1161, 1163, 1176, 1177, 1180, 1181, 1183, 1184, 1185, 1187, 1188, 1189, 1191, 1192, 1193, 1196, 1197, 1198, 1200, 1201, 1203, 1204, 1205, 1207, 1209, 1210, 1211, 1213, 1214, 1215, 1216, 1218, 1219, 1220, 1222, 1223, 1224, 1226, 1227, 1228, 1229, 1230, 1231, 1232, 1233, 1235, 1236, 1237, 1238, 1239, 1240, 1241, 1243, 1244, 1245, 1247, 1248, 1249, 1250, 1251, 1252, 1254, 1255, 1256, 1257, 1258, 1259, 1260, 1261, 1264, 1265, 1266, 1269, 1270, 1278, 1281, 1282, 1283, 1284, 1285, 1286, 1287, 1290, 1293, 1295, 1322, 1328, 1331, 1332, 1338, 1339, 1341, 1342, 1344, 1346, 1347, 1348, 1349, 1351, 1352, 1358, 1359, 1360, 1361, 1362, 1367, 1368, 1369, 1371, 1374, 1375, 1376, 1377, 1380, 1381, 1382, 1384, 1385, 1386, 1389, 1390, 1393, 1394, 1395, 1396, 1398, 1404, 1405, 1408, 1409, 1410, 1411, 1412, 1413, 1416, 1418, 1419, 1420, 1422, 1423, 1424, 1427, 1428, 1429, 1431, 1433, 1434, 1435, 1438, 1440, 1441, 1444, 1447, 1448, 1449, 1450, 1452, 1455, 1456, 1457, 1458, 1459, 1461, 1462, 1463, 1464, 1467, 1469, 1470, 1473, 1474, 1479, 1480, 1481, 1482, 1484, 1490, 1493, 1494, 1503, 1505, 1506, 1507, 1508, 1509, 1511, 1519, 1520, 1521, 1522, 1524, 1525, 1526, 1528, 1529, 1530, 1531, 1532, 1534, 1535, 1536, 1537, 1538, 1540, 1541, 1542, 1543, 1544, 1546, 1548, 1551, 1552, 1553, 1555, 1559], "excluded_lines": [], "functions": {"_mad": {"executed_lines": [], "summary": {"covered_lines": 0, "num_statements": 5, "percent_covered": 0.0, "percent_covered_display": "0", "missing_lines": 5, "excluded_lines": 0}, "missing_lines": [88, 89, 90, 91, 92], "excluded_lines": []}, "_robust_std": {"executed_lines": [], "summary": {"covered_lines": 0, "num_statements": 4, "percent_covered": 0.0, "percent_covered_display": "0", "missing_lines": 4, "excluded_lines": 0}, "missing_lines": [97, 98, 99, 100], "excluded_lines": []}, "generate_output_filename": {"executed_lines": [], "summary": {"covered_lines": 0, "num_statements": 13, "percent_covered": 0.0, "percent_covered_display": "0", "missing_lines": 13, "excluded_lines": 0}, "missing_lines": [140, 141, 144, 146, 148, 149, 152, 153, 156, 157, 160, 161, 163], "excluded_lines": []}, "extract_nside_from_filename": {"executed_lines": [], "summary": {"covered_lines": 0, "num_statements": 12, "percent_covered": 0.0, "percent_covered_display": "0", "missing_lines": 12, "excluded_lines": 0}, "missing_lines": [181, 186, 187, 188, 189, 190, 191, 192, 193, 195, 196, 197], "excluded_lines": []}, "validate_sidecar_metadata": {"executed_lines": [], "summary": {"covered_lines": 0, "num_statements": 21, "percent_covered": 0.0, "percent_covered_display": "0", "missing_lines": 21, "excluded_lines": 0}, "missing_lines": [220, 222, 223, 224, 226, 227, 229, 230, 231, 232, 233, 234, 236, 237, 240, 241, 243, 244, 246, 247, 254], "excluded_lines": []}, "collect_sidecar_outputs": {"executed_lines": [], "summary": {"covered_lines": 0, "num_statements": 115, "percent_covered": 0.0, "percent_covered_display": "0", "missing_lines": 115, "excluded_lines": 0}, "missing_lines": [277, 279, 281, 282, 284, 286, 287, 289, 290, 291, 292, 295, 296, 297, 298, 299, 300, 301, 302, 305, 306, 307, 309, 310, 311, 312, 313, 314, 315, 316, 317, 320, 321, 322, 323, 324, 327, 328, 329, 330, 331, 332, 335, 336, 338, 341, 344, 345, 346, 347, 348, 349, 350, 351, 353, 354, 355, 358, 359, 360, 362, 365, 366, 367, 369, 370, 371, 372, 373, 374, 375, 376, 377, 378, 379, 382, 383, 386, 387, 388, 391, 392, 393, 394, 395, 398, 399, 400, 401, 402, 403, 404, 405, 406, 407, 408, 409, 410, 411, 413, 415, 416, 417, 429, 432, 433, 434, 435, 436, 439, 440, 441, 443, 445, 446], "excluded_lines": []}, "print_parquet_schema": {"executed_lines": [], "summary": {"covered_lines": 0, "num_statements": 17, "percent_covered": 0.0, "percent_covered_display": "0", "missing_lines": 17, "excluded_lines": 0}, "missing_lines": [458, 459, 460, 462, 463, 464, 466, 467, 468, 469, 470, 471, 472, 473, 474, 475, 476], "excluded_lines": []}, "print_sidecar_summary": {"executed_lines": [], "summary": {"covered_lines": 0, "num_statements": 22, "percent_covered": 0.0, "percent_covered_display": "0", "missing_lines": 22, "excluded_lines": 0}, "missing_lines": [487, 488, 490, 491, 492, 495, 496, 497, 500, 501, 502, 503, 504, 505, 506, 507, 508, 510, 512, 513, 514, 515], "excluded_lines": []}, "print_dry_run_summary": {"executed_lines": [], "summary": {"covered_lines": 0, "num_statements": 17, "percent_covered": 0.0, "percent_covered_display": "0", "missing_lines": 17, "excluded_lines": 0}, "missing_lines": [535, 536, 537, 538, 539, 540, 541, 542, 543, 544, 545, 546, 547, 548, 549, 550, 551], "excluded_lines": []}, "densify_healpix_aggregates": {"executed_lines": [], "summary": {"covered_lines": 0, "num_statements": 6, "percent_covered": 0.0, "percent_covered_display": "0", "missing_lines": 6, "excluded_lines": 0}, "missing_lines": [573, 575, 576, 579, 581, 582], "excluded_lines": []}, "aggregate_by_sidecar": {"executed_lines": [], "summary": {"covered_lines": 0, "num_statements": 85, "percent_covered": 0.0, "percent_covered_display": "0", "missing_lines": 85, "excluded_lines": 0}, "missing_lines": [613, 614, 619, 620, 623, 624, 625, 629, 630, 633, 634, 635, 636, 637, 638, 641, 642, 645, 646, 647, 650, 651, 652, 653, 656, 657, 658, 659, 662, 663, 664, 667, 668, 669, 670, 672, 673, 674, 675, 678, 679, 682, 683, 684, 686, 687, 688, 690, 691, 693, 694, 695, 696, 697, 698, 701, 702, 705, 708, 709, 710, 711, 712, 715, 723, 724, 725, 728, 729, 731, 732, 733, 734, 737, 738, 739, 740, 741, 742, 744, 746, 749, 750, 752, 753], "excluded_lines": []}, "CustomFormatter.__init__": {"executed_lines": [], "summary": {"covered_lines": 0, "num_statements": 1, "percent_covered": 0.0, "percent_covered_display": "0", "missing_lines": 1, "excluded_lines": 0}, "missing_lines": [761], "excluded_lines": []}, "parse_arguments": {"executed_lines": [], "summary": {"covered_lines": 0, "num_statements": 35, "percent_covered": 0.0, "percent_covered_display": "0", "missing_lines": 35, "excluded_lines": 0}, "missing_lines": [765, 818, 827, 837, 853, 861, 869, 878, 889, 903, 911, 924, 936, 952, 965, 979, 990, 999, 1010, 1026, 1035, 1043, 1055, 1064, 1075, 1078, 1079, 1082, 1083, 1084, 1086, 1087, 1088, 1089, 1091], "excluded_lines": []}, "process_single_sidecar": {"executed_lines": [], "summary": {"covered_lines": 0, "num_statements": 127, "percent_covered": 0.0, "percent_covered_display": "0", "missing_lines": 127, "excluded_lines": 0}, "missing_lines": [1119, 1127, 1128, 1131, 1132, 1133, 1134, 1135, 1136, 1137, 1138, 1139, 1140, 1141, 1143, 1145, 1148, 1149, 1150, 1151, 1152, 1153, 1154, 1155, 1158, 1159, 1160, 1161, 1163, 1176, 1177, 1180, 1181, 1183, 1184, 1185, 1187, 1188, 1189, 1191, 1192, 1193, 1196, 1197, 1198, 1200, 1201, 1203, 1204, 1205, 1207, 1209, 1210, 1211, 1213, 1214, 1215, 1216, 1218, 1219, 1220, 1222, 1223, 1224, 1226, 1227, 1228, 1229, 1230, 1231, 1232, 1233, 1235, 1236, 1237, 1238, 1239, 1240, 1241, 1243, 1244, 1245, 1247, 1248, 1249, 1250, 1251, 1252, 1254, 1255, 1256, 1257, 1258, 1259, 1260, 1261, 1264, 1265, 1266, 1269, 1270, 1278, 1281, 1282, 1283, 1284, 1285, 1286, 1287, 1290, 1293, 1295, 1322, 1328, 1331, 1332, 1338, 1339, 1341, 1342, 1344, 1346, 1347, 1348, 1349, 1351, 1352], "excluded_lines": []}, "_is_interactive_session": {"executed_lines": [], "summary": {"covered_lines": 0, "num_statements": 5, "percent_covered": 0.0, "percent_covered_display": "0", "missing_lines": 5, "excluded_lines": 0}, "missing_lines": [1358, 1359, 1360, 1361, 1362], "excluded_lines": []}, "main": {"executed_lines": [], "summary": {"covered_lines": 0, "num_statements": 109, "percent_covered": 0.0, "percent_covered_display": "0", "missing_lines": 109, "excluded_lines": 0}, "missing_lines": [1367, 1368, 1369, 1371, 1374, 1375, 1376, 1377, 1380, 1381, 1382, 1384, 1385, 1386, 1389, 1390, 1393, 1394, 1395, 1396, 1398, 1404, 1405, 1408, 1409, 1410, 1411, 1412, 1413, 1416, 1418, 1419, 1420, 1422, 1423, 1424, 1427, 1428, 1429, 1431, 1433, 1434, 1435, 1438, 1440, 1441, 1444, 1447, 1448, 1449, 1450, 1452, 1455, 1456, 1457, 1458, 1459, 1461, 1462, 1463, 1464, 1467, 1469, 1470, 1473, 1474, 1479, 1480, 1481, 1482, 1484, 1490, 1493, 1494, 1503, 1505, 1506, 1507, 1508, 1509, 1511, 1519, 1520, 1521, 1522, 1524, 1525, 1526, 1528, 1529, 1530, 1531, 1532, 1534, 1535, 1536, 1537, 1538, 1540, 1541, 1542, 1543, 1544, 1546, 1548, 1551, 1552, 1553, 1555], "excluded_lines": []}, "": {"executed_lines": [4, 11, 30, 31, 32, 33, 34, 35, 36, 37, 38, 39, 40, 41, 42, 44, 45, 46, 60, 61, 62, 67, 68, 69, 76, 81, 86, 95, 103, 114, 166, 200, 258, 450, 479, 521, 555, 586, 758, 759, 763, 1095, 1356, 1365, 1558], "summary": {"covered_lines": 45, "num_statements": 63, "percent_covered": 71.42857142857143, "percent_covered_display": "71", "missing_lines": 18, "excluded_lines": 0}, "missing_lines": [47, 48, 50, 51, 52, 53, 54, 55, 56, 57, 58, 63, 64, 65, 70, 71, 72, 1559], "excluded_lines": []}}, "classes": {"CustomFormatter": {"executed_lines": [], "summary": {"covered_lines": 0, "num_statements": 1, "percent_covered": 0.0, "percent_covered_display": "0", "missing_lines": 1, "excluded_lines": 0}, "missing_lines": [761], "excluded_lines": []}, "": {"executed_lines": [4, 11, 30, 31, 32, 33, 34, 35, 36, 37, 38, 39, 40, 41, 42, 44, 45, 46, 60, 61, 62, 67, 68, 69, 76, 81, 86, 95, 103, 114, 166, 200, 258, 450, 479, 521, 555, 586, 758, 759, 763, 1095, 1356, 1365, 1558], "summary": {"covered_lines": 45, "num_statements": 656, "percent_covered": 6.859756097560975, "percent_covered_display": "7", "missing_lines": 611, "excluded_lines": 0}, "missing_lines": [47, 48, 50, 51, 52, 53, 54, 55, 56, 57, 58, 63, 64, 65, 70, 71, 72, 88, 89, 90, 91, 92, 97, 98, 99, 100, 140, 141, 144, 146, 148, 149, 152, 153, 156, 157, 160, 161, 163, 181, 186, 187, 188, 189, 190, 191, 192, 193, 195, 196, 197, 220, 222, 223, 224, 226, 227, 229, 230, 231, 232, 233, 234, 236, 237, 240, 241, 243, 244, 246, 247, 254, 277, 279, 281, 282, 284, 286, 287, 289, 290, 291, 292, 295, 296, 297, 298, 299, 300, 301, 302, 305, 306, 307, 309, 310, 311, 312, 313, 314, 315, 316, 317, 320, 321, 322, 323, 324, 327, 328, 329, 330, 331, 332, 335, 336, 338, 341, 344, 345, 346, 347, 348, 349, 350, 351, 353, 354, 355, 358, 359, 360, 362, 365, 366, 367, 369, 370, 371, 372, 373, 374, 375, 376, 377, 378, 379, 382, 383, 386, 387, 388, 391, 392, 393, 394, 395, 398, 399, 400, 401, 402, 403, 404, 405, 406, 407, 408, 409, 410, 411, 413, 415, 416, 417, 429, 432, 433, 434, 435, 436, 439, 440, 441, 443, 445, 446, 458, 459, 460, 462, 463, 464, 466, 467, 468, 469, 470, 471, 472, 473, 474, 475, 476, 487, 488, 490, 491, 492, 495, 496, 497, 500, 501, 502, 503, 504, 505, 506, 507, 508, 510, 512, 513, 514, 515, 535, 536, 537, 538, 539, 540, 541, 542, 543, 544, 545, 546, 547, 548, 549, 550, 551, 573, 575, 576, 579, 581, 582, 613, 614, 619, 620, 623, 624, 625, 629, 630, 633, 634, 635, 636, 637, 638, 641, 642, 645, 646, 647, 650, 651, 652, 653, 656, 657, 658, 659, 662, 663, 664, 667, 668, 669, 670, 672, 673, 674, 675, 678, 679, 682, 683, 684, 686, 687, 688, 690, 691, 693, 694, 695, 696, 697, 698, 701, 702, 705, 708, 709, 710, 711, 712, 715, 723, 724, 725, 728, 729, 731, 732, 733, 734, 737, 738, 739, 740, 741, 742, 744, 746, 749, 750, 752, 753, 765, 818, 827, 837, 853, 861, 869, 878, 889, 903, 911, 924, 936, 952, 965, 979, 990, 999, 1010, 1026, 1035, 1043, 1055, 1064, 1075, 1078, 1079, 1082, 1083, 1084, 1086, 1087, 1088, 1089, 1091, 1119, 1127, 1128, 1131, 1132, 1133, 1134, 1135, 1136, 1137, 1138, 1139, 1140, 1141, 1143, 1145, 1148, 1149, 1150, 1151, 1152, 1153, 1154, 1155, 1158, 1159, 1160, 1161, 1163, 1176, 1177, 1180, 1181, 1183, 1184, 1185, 1187, 1188, 1189, 1191, 1192, 1193, 1196, 1197, 1198, 1200, 1201, 1203, 1204, 1205, 1207, 1209, 1210, 1211, 1213, 1214, 1215, 1216, 1218, 1219, 1220, 1222, 1223, 1224, 1226, 1227, 1228, 1229, 1230, 1231, 1232, 1233, 1235, 1236, 1237, 1238, 1239, 1240, 1241, 1243, 1244, 1245, 1247, 1248, 1249, 1250, 1251, 1252, 1254, 1255, 1256, 1257, 1258, 1259, 1260, 1261, 1264, 1265, 1266, 1269, 1270, 1278, 1281, 1282, 1283, 1284, 1285, 1286, 1287, 1290, 1293, 1295, 1322, 1328, 1331, 1332, 1338, 1339, 1341, 1342, 1344, 1346, 1347, 1348, 1349, 1351, 1352, 1358, 1359, 1360, 1361, 1362, 1367, 1368, 1369, 1371, 1374, 1375, 1376, 1377, 1380, 1381, 1382, 1384, 1385, 1386, 1389, 1390, 1393, 1394, 1395, 1396, 1398, 1404, 1405, 1408, 1409, 1410, 1411, 1412, 1413, 1416, 1418, 1419, 1420, 1422, 1423, 1424, 1427, 1428, 1429, 1431, 1433, 1434, 1435, 1438, 1440, 1441, 1444, 1447, 1448, 1449, 1450, 1452, 1455, 1456, 1457, 1458, 1459, 1461, 1462, 1463, 1464, 1467, 1469, 1470, 1473, 1474, 1479, 1480, 1481, 1482, 1484, 1490, 1493, 1494, 1503, 1505, 1506, 1507, 1508, 1509, 1511, 1519, 1520, 1521, 1522, 1524, 1525, 1526, 1528, 1529, 1530, 1531, 1532, 1534, 1535, 1536, 1537, 1538, 1540, 1541, 1542, 1543, 1544, 1546, 1548, 1551, 1552, 1553, 1555, 1559], "excluded_lines": []}}}, "/home/kidpixo/Documents/work/MESSENGER/MASCS_gn_dlr_processed/healpyxel/healpyxel/cli.py": {"executed_lines": [4, 7, 9, 11, 16, 21, 26, 31, 37], "summary": {"covered_lines": 9, "num_statements": 113, "percent_covered": 7.964601769911504, "percent_covered_display": "8", "missing_lines": 104, "excluded_lines": 0}, "missing_lines": [13, 14, 18, 19, 23, 24, 28, 29, 33, 34, 39, 40, 41, 43, 44, 45, 46, 47, 48, 49, 50, 52, 54, 55, 56, 83, 84, 87, 88, 89, 90, 91, 92, 93, 94, 95, 96, 97, 98, 100, 101, 102, 105, 106, 113, 114, 115, 118, 119, 121, 122, 123, 124, 126, 127, 128, 130, 132, 133, 134, 135, 136, 137, 138, 139, 140, 141, 143, 145, 146, 148, 149, 150, 151, 152, 153, 154, 155, 156, 157, 158, 160, 161, 162, 163, 164, 165, 166, 167, 169, 170, 172, 173, 174, 176, 178, 179, 180, 181, 182, 183, 184, 185, 187], "excluded_lines": [], "functions": {"sidecar_cli": {"executed_lines": [], "summary": {"covered_lines": 0, "num_statements": 2, "percent_covered": 0.0, "percent_covered_display": "0", "missing_lines": 2, "excluded_lines": 0}, "missing_lines": [13, 14], "excluded_lines": []}, "aggregate_cli": {"executed_lines": [], "summary": {"covered_lines": 0, "num_statements": 2, "percent_covered": 0.0, "percent_covered_display": "0", "missing_lines": 2, "excluded_lines": 0}, "missing_lines": [18, 19], "excluded_lines": []}, "accumulator_cli": {"executed_lines": [], "summary": {"covered_lines": 0, "num_statements": 2, "percent_covered": 0.0, "percent_covered_display": "0", "missing_lines": 2, "excluded_lines": 0}, "missing_lines": [23, 24], "excluded_lines": []}, "finalize_cli": {"executed_lines": [], "summary": {"covered_lines": 0, "num_statements": 2, "percent_covered": 0.0, "percent_covered_display": "0", "missing_lines": 2, "excluded_lines": 0}, "missing_lines": [28, 29], "excluded_lines": []}, "to_geoparquet_cli": {"executed_lines": [], "summary": {"covered_lines": 0, "num_statements": 2, "percent_covered": 0.0, "percent_covered_display": "0", "missing_lines": 2, "excluded_lines": 0}, "missing_lines": [33, 34], "excluded_lines": []}, "cache_cli": {"executed_lines": [], "summary": {"covered_lines": 0, "num_statements": 16, "percent_covered": 0.0, "percent_covered_display": "0", "missing_lines": 16, "excluded_lines": 0}, "missing_lines": [39, 40, 41, 43, 44, 45, 46, 47, 48, 49, 50, 52, 54, 55, 56, 187], "excluded_lines": []}, "cache_cli.cmd": {"executed_lines": [], "summary": {"covered_lines": 0, "num_statements": 78, "percent_covered": 0.0, "percent_covered_display": "0", "missing_lines": 78, "excluded_lines": 0}, "missing_lines": [83, 84, 87, 88, 89, 90, 91, 92, 93, 94, 95, 96, 97, 98, 100, 101, 102, 105, 106, 113, 114, 115, 118, 119, 121, 122, 123, 124, 126, 127, 128, 130, 132, 133, 134, 135, 136, 137, 138, 139, 140, 141, 143, 145, 146, 148, 149, 150, 151, 152, 153, 154, 155, 156, 157, 158, 160, 161, 162, 163, 164, 165, 166, 167, 169, 170, 172, 173, 174, 176, 178, 179, 180, 181, 182, 183, 184, 185], "excluded_lines": []}, "": {"executed_lines": [4, 7, 9, 11, 16, 21, 26, 31, 37], "summary": {"covered_lines": 9, "num_statements": 9, "percent_covered": 100.0, "percent_covered_display": "100", "missing_lines": 0, "excluded_lines": 0}, "missing_lines": [], "excluded_lines": []}}, "classes": {"": {"executed_lines": [4, 7, 9, 11, 16, 21, 26, 31, 37], "summary": {"covered_lines": 9, "num_statements": 113, "percent_covered": 7.964601769911504, "percent_covered_display": "8", "missing_lines": 104, "excluded_lines": 0}, "missing_lines": [13, 14, 18, 19, 23, 24, 28, 29, 33, 34, 39, 40, 41, 43, 44, 45, 46, 47, 48, 49, 50, 52, 54, 55, 56, 83, 84, 87, 88, 89, 90, 91, 92, 93, 94, 95, 96, 97, 98, 100, 101, 102, 105, 106, 113, 114, 115, 118, 119, 121, 122, 123, 124, 126, 127, 128, 130, 132, 133, 134, 135, 136, 137, 138, 139, 140, 141, 143, 145, 146, 148, 149, 150, 151, 152, 153, 154, 155, 156, 157, 158, 160, 161, 162, 163, 164, 165, 166, 167, 169, 170, 172, 173, 174, 176, 178, 179, 180, 181, 182, 183, 184, 185, 187], "excluded_lines": []}}}, "/home/kidpixo/Documents/work/MESSENGER/MASCS_gn_dlr_processed/healpyxel/healpyxel/core.py": {"executed_lines": [4, 7, 8, 9, 10, 11, 14, 34, 35, 36, 39, 53, 54, 55, 56, 57, 60, 77, 80, 90, 91, 93, 94, 95, 98, 100], "summary": {"covered_lines": 26, "num_statements": 26, "percent_covered": 100.0, "percent_covered_display": "100", "missing_lines": 0, "excluded_lines": 1}, "missing_lines": [], "excluded_lines": [15], "functions": {"validate_nside": {"executed_lines": [34, 35, 36], "summary": {"covered_lines": 3, "num_statements": 3, "percent_covered": 100.0, "percent_covered_display": "100", "missing_lines": 0, "excluded_lines": 1}, "missing_lines": [], "excluded_lines": [15]}, "mad": {"executed_lines": [53, 54, 55, 56, 57], "summary": {"covered_lines": 5, "num_statements": 5, "percent_covered": 100.0, "percent_covered_display": "100", "missing_lines": 0, "excluded_lines": 0}, "missing_lines": [], "excluded_lines": []}, "robust_std": {"executed_lines": [77], "summary": {"covered_lines": 1, "num_statements": 1, "percent_covered": 100.0, "percent_covered_display": "100", "missing_lines": 0, "excluded_lines": 0}, "missing_lines": [], "excluded_lines": []}, "setup_logger": {"executed_lines": [90, 91, 93, 94, 95, 98, 100], "summary": {"covered_lines": 7, "num_statements": 7, "percent_covered": 100.0, "percent_covered_display": "100", "missing_lines": 0, "excluded_lines": 0}, "missing_lines": [], "excluded_lines": []}, "": {"executed_lines": [4, 7, 8, 9, 10, 11, 14, 39, 60, 80], "summary": {"covered_lines": 10, "num_statements": 10, "percent_covered": 100.0, "percent_covered_display": "100", "missing_lines": 0, "excluded_lines": 0}, "missing_lines": [], "excluded_lines": []}}, "classes": {"": {"executed_lines": [4, 7, 8, 9, 10, 11, 14, 34, 35, 36, 39, 53, 54, 55, 56, 57, 60, 77, 80, 90, 91, 93, 94, 95, 98, 100], "summary": {"covered_lines": 26, "num_statements": 26, "percent_covered": 100.0, "percent_covered_display": "100", "missing_lines": 0, "excluded_lines": 1}, "missing_lines": [], "excluded_lines": [15]}}}, "/home/kidpixo/Documents/work/MESSENGER/MASCS_gn_dlr_processed/healpyxel/healpyxel/finalize.py": {"executed_lines": [4, 7, 43, 44, 45, 46, 47, 48, 49, 51, 52, 54, 56, 57, 60, 61, 72, 73, 74, 79, 80, 81, 87, 179, 213, 281, 288, 298, 493], "summary": {"covered_lines": 29, "num_statements": 210, "percent_covered": 13.80952380952381, "percent_covered_display": "14", "missing_lines": 181, "excluded_lines": 0}, "missing_lines": [62, 63, 65, 66, 67, 68, 69, 70, 75, 76, 77, 82, 83, 84, 109, 110, 112, 113, 115, 116, 118, 119, 122, 124, 125, 128, 131, 132, 133, 134, 135, 137, 138, 139, 142, 143, 144, 145, 148, 149, 150, 151, 152, 153, 154, 155, 156, 159, 160, 162, 164, 166, 167, 170, 171, 172, 173, 174, 176, 195, 196, 197, 199, 200, 203, 206, 208, 210, 225, 226, 227, 228, 229, 230, 232, 233, 234, 236, 239, 240, 242, 243, 244, 247, 248, 249, 250, 253, 254, 257, 258, 261, 263, 276, 278, 283, 284, 285, 290, 291, 292, 293, 294, 295, 299, 322, 324, 328, 331, 335, 337, 341, 343, 347, 349, 352, 355, 356, 357, 358, 361, 362, 363, 366, 367, 368, 369, 370, 371, 373, 382, 383, 384, 385, 388, 389, 390, 391, 393, 394, 395, 396, 397, 398, 399, 402, 407, 408, 409, 412, 413, 420, 421, 422, 423, 424, 427, 428, 429, 437, 462, 463, 466, 467, 468, 469, 470, 471, 473, 474, 481, 482, 483, 485, 486, 487, 489, 494, 495, 496, 498], "excluded_lines": [], "functions": {"finalize_statistics": {"executed_lines": [], "summary": {"covered_lines": 0, "num_statements": 45, "percent_covered": 0.0, "percent_covered_display": "0", "missing_lines": 45, "excluded_lines": 0}, "missing_lines": [109, 110, 112, 113, 115, 116, 118, 119, 122, 124, 125, 128, 131, 132, 133, 134, 135, 137, 138, 139, 142, 143, 144, 145, 148, 149, 150, 151, 152, 153, 154, 155, 156, 159, 160, 162, 164, 166, 167, 170, 171, 172, 173, 174, 176], "excluded_lines": []}, "densify_healpix_map": {"executed_lines": [], "summary": {"covered_lines": 0, "num_statements": 9, "percent_covered": 0.0, "percent_covered_display": "0", "missing_lines": 9, "excluded_lines": 0}, "missing_lines": [195, 196, 197, 199, 200, 203, 206, 208, 210], "excluded_lines": []}, "export_to_geotiff": {"executed_lines": [], "summary": {"covered_lines": 0, "num_statements": 27, "percent_covered": 0.0, "percent_covered_display": "0", "missing_lines": 27, "excluded_lines": 0}, "missing_lines": [225, 226, 227, 228, 229, 230, 232, 233, 234, 236, 239, 240, 242, 243, 244, 247, 248, 249, 250, 253, 254, 257, 258, 261, 263, 276, 278], "excluded_lines": []}, "_normalize_load_state_result": {"executed_lines": [], "summary": {"covered_lines": 0, "num_statements": 3, "percent_covered": 0.0, "percent_covered_display": "0", "missing_lines": 3, "excluded_lines": 0}, "missing_lines": [283, 284, 285], "excluded_lines": []}, "_in_ipython_kernel": {"executed_lines": [], "summary": {"covered_lines": 0, "num_statements": 6, "percent_covered": 0.0, "percent_covered_display": "0", "missing_lines": 6, "excluded_lines": 0}, "missing_lines": [290, 291, 292, 293, 294, 295], "excluded_lines": []}, "main": {"executed_lines": [], "summary": {"covered_lines": 0, "num_statements": 73, "percent_covered": 0.0, "percent_covered_display": "0", "missing_lines": 73, "excluded_lines": 0}, "missing_lines": [299, 322, 324, 328, 331, 335, 337, 341, 343, 347, 349, 352, 355, 356, 357, 358, 361, 362, 363, 366, 367, 368, 369, 370, 371, 373, 382, 383, 384, 385, 388, 389, 390, 391, 393, 394, 395, 396, 397, 398, 399, 402, 407, 408, 409, 412, 413, 420, 421, 422, 423, 424, 427, 428, 429, 437, 462, 463, 466, 467, 468, 469, 470, 471, 473, 474, 481, 482, 483, 485, 486, 487, 489], "excluded_lines": []}, "": {"executed_lines": [4, 7, 43, 44, 45, 46, 47, 48, 49, 51, 52, 54, 56, 57, 60, 61, 72, 73, 74, 79, 80, 81, 87, 179, 213, 281, 288, 298, 493], "summary": {"covered_lines": 29, "num_statements": 47, "percent_covered": 61.702127659574465, "percent_covered_display": "62", "missing_lines": 18, "excluded_lines": 0}, "missing_lines": [62, 63, 65, 66, 67, 68, 69, 70, 75, 76, 77, 82, 83, 84, 494, 495, 496, 498], "excluded_lines": []}}, "classes": {"": {"executed_lines": [4, 7, 43, 44, 45, 46, 47, 48, 49, 51, 52, 54, 56, 57, 60, 61, 72, 73, 74, 79, 80, 81, 87, 179, 213, 281, 288, 298, 493], "summary": {"covered_lines": 29, "num_statements": 210, "percent_covered": 13.80952380952381, "percent_covered_display": "14", "missing_lines": 181, "excluded_lines": 0}, "missing_lines": [62, 63, 65, 66, 67, 68, 69, 70, 75, 76, 77, 82, 83, 84, 109, 110, 112, 113, 115, 116, 118, 119, 122, 124, 125, 128, 131, 132, 133, 134, 135, 137, 138, 139, 142, 143, 144, 145, 148, 149, 150, 151, 152, 153, 154, 155, 156, 159, 160, 162, 164, 166, 167, 170, 171, 172, 173, 174, 176, 195, 196, 197, 199, 200, 203, 206, 208, 210, 225, 226, 227, 228, 229, 230, 232, 233, 234, 236, 239, 240, 242, 243, 244, 247, 248, 249, 250, 253, 254, 257, 258, 261, 263, 276, 278, 283, 284, 285, 290, 291, 292, 293, 294, 295, 299, 322, 324, 328, 331, 335, 337, 341, 343, 347, 349, 352, 355, 356, 357, 358, 361, 362, 363, 366, 367, 368, 369, 370, 371, 373, 382, 383, 384, 385, 388, 389, 390, 391, 393, 394, 395, 396, 397, 398, 399, 402, 407, 408, 409, 412, 413, 420, 421, 422, 423, 424, 427, 428, 429, 437, 462, 463, 466, 467, 468, 469, 470, 471, 473, 474, 481, 482, 483, 485, 486, 487, 489, 494, 495, 496, 498], "excluded_lines": []}}}, "/home/kidpixo/Documents/work/MESSENGER/MASCS_gn_dlr_processed/healpyxel/healpyxel/geospatial.py": {"executed_lines": [], "summary": {"covered_lines": 0, "num_statements": 633, "percent_covered": 0.0, "percent_covered_display": "0", "missing_lines": 633, "excluded_lines": 0}, "missing_lines": [4, 11, 12, 13, 14, 15, 16, 17, 18, 19, 20, 21, 22, 23, 24, 25, 28, 29, 32, 54, 55, 57, 59, 60, 61, 65, 104, 105, 106, 107, 110, 111, 112, 113, 114, 115, 118, 122, 141, 142, 143, 144, 146, 147, 148, 149, 150, 151, 153, 156, 173, 174, 178, 200, 201, 203, 204, 206, 207, 208, 209, 210, 214, 230, 231, 234, 235, 236, 239, 240, 241, 244, 267, 268, 270, 271, 273, 275, 279, 300, 301, 303, 304, 305, 306, 308, 309, 310, 311, 312, 314, 316, 319, 338, 339, 341, 344, 351, 352, 354, 355, 356, 359, 360, 361, 362, 363, 365, 366, 367, 368, 371, 372, 375, 376, 377, 379, 380, 381, 382, 383, 385, 386, 388, 392, 406, 407, 409, 411, 412, 414, 438, 439, 442, 470, 473, 474, 476, 484, 485, 486, 487, 488, 489, 490, 496, 497, 498, 500, 501, 502, 503, 504, 505, 506, 507, 509, 510, 515, 516, 518, 520, 521, 524, 525, 531, 532, 535, 537, 538, 539, 544, 545, 548, 549, 550, 551, 552, 558, 559, 562, 563, 570, 571, 574, 582, 583, 588, 590, 591, 592, 593, 594, 595, 596, 602, 609, 610, 611, 612, 613, 614, 615, 616, 618, 619, 624, 626, 628, 631, 632, 633, 634, 635, 636, 639, 640, 641, 642, 645, 647, 653, 654, 660, 661, 662, 663, 664, 665, 666, 667, 668, 669, 670, 672, 673, 674, 675, 676, 677, 678, 679, 682, 684, 687, 689, 692, 693, 694, 695, 697, 699, 700, 701, 704, 705, 706, 707, 710, 711, 712, 713, 714, 717, 718, 719, 720, 723, 724, 725, 726, 727, 730, 731, 732, 736, 737, 739, 740, 741, 743, 744, 745, 747, 748, 749, 751, 754, 756, 757, 758, 761, 764, 765, 766, 767, 770, 771, 772, 773, 776, 777, 778, 779, 781, 783, 786, 788, 790, 792, 795, 796, 797, 803, 804, 805, 808, 810, 812, 813, 814, 817, 823, 824, 827, 832, 833, 834, 837, 839, 841, 842, 843, 846, 851, 852, 853, 856, 858, 860, 861, 862, 863, 866, 867, 868, 871, 872, 873, 874, 875, 876, 878, 879, 882, 887, 888, 889, 892, 894, 896, 897, 898, 899, 902, 903, 905, 906, 909, 910, 912, 913, 914, 915, 917, 918, 921, 926, 927, 928, 931, 937, 940, 941, 942, 945, 946, 949, 950, 951, 954, 957, 963, 964, 965, 968, 969, 972, 977, 978, 979, 981, 982, 983, 984, 985, 986, 987, 989, 990, 991, 994, 1016, 1017, 1019, 1020, 1021, 1022, 1024, 1027, 1029, 1031, 1032, 1033, 1034, 1035, 1036, 1037, 1038, 1039, 1040, 1041, 1042, 1043, 1046, 1047, 1048, 1049, 1050, 1052, 1053, 1054, 1055, 1056, 1062, 1063, 1065, 1066, 1067, 1068, 1069, 1070, 1072, 1073, 1075, 1076, 1077, 1078, 1082, 1085, 1086, 1089, 1090, 1091, 1092, 1093, 1094, 1097, 1100, 1106, 1107, 1108, 1109, 1110, 1111, 1112, 1113, 1114, 1118, 1126, 1127, 1129, 1130, 1131, 1132, 1133, 1134, 1137, 1138, 1139, 1140, 1141, 1142, 1143, 1145, 1149, 1154, 1155, 1156, 1157, 1158, 1165, 1166, 1174, 1192, 1193, 1194, 1196, 1197, 1200, 1225, 1226, 1227, 1228, 1229, 1231, 1233, 1234, 1237, 1238, 1239, 1240, 1242, 1244, 1246, 1247, 1250, 1251, 1254, 1255, 1256, 1258, 1259, 1261, 1262, 1263, 1265, 1267, 1280, 1282, 1285, 1293, 1294, 1296, 1297, 1299, 1301, 1303, 1305, 1307, 1309, 1311, 1313, 1315, 1317, 1319, 1321, 1324, 1325, 1331, 1332, 1340, 1341, 1342, 1343, 1344, 1345, 1352, 1359, 1360, 1363, 1366, 1368, 1371, 1372, 1373, 1374, 1376, 1377, 1378, 1379, 1381, 1382, 1383, 1384, 1386, 1392, 1394, 1395, 1398, 1399, 1400, 1401, 1403, 1404, 1407, 1410, 1411, 1412, 1415, 1416, 1417, 1418, 1419, 1421, 1424, 1425, 1427, 1428, 1429, 1430, 1431, 1432, 1433, 1434, 1435, 1436, 1437, 1439, 1440, 1448, 1449, 1452, 1453, 1462, 1463, 1465, 1466, 1467, 1470, 1471, 1473, 1475], "excluded_lines": [], "functions": {"_resolve_xdg_dir": {"executed_lines": [], "summary": {"covered_lines": 0, "num_statements": 6, "percent_covered": 0.0, "percent_covered_display": "0", "missing_lines": 6, "excluded_lines": 0}, "missing_lines": [54, 55, 57, 59, 60, 61], "excluded_lines": []}, "_get_cache_dir": {"executed_lines": [], "summary": {"covered_lines": 0, "num_statements": 11, "percent_covered": 0.0, "percent_covered_display": "0", "missing_lines": 11, "excluded_lines": 0}, "missing_lines": [104, 105, 106, 107, 110, 111, 112, 113, 114, 115, 118], "excluded_lines": []}, "_get_config_dir": {"executed_lines": [], "summary": {"covered_lines": 0, "num_statements": 11, "percent_covered": 0.0, "percent_covered_display": "0", "missing_lines": 11, "excluded_lines": 0}, "missing_lines": [141, 142, 143, 144, 146, 147, 148, 149, 150, 151, 153], "excluded_lines": []}, "_cache_key": {"executed_lines": [], "summary": {"covered_lines": 0, "num_statements": 2, "percent_covered": 0.0, "percent_covered_display": "0", "missing_lines": 2, "excluded_lines": 0}, "missing_lines": [173, 174], "excluded_lines": []}, "_load_cached_boundaries": {"executed_lines": [], "summary": {"covered_lines": 0, "num_statements": 9, "percent_covered": 0.0, "percent_covered_display": "0", "missing_lines": 9, "excluded_lines": 0}, "missing_lines": [200, 201, 203, 204, 206, 207, 208, 209, 210], "excluded_lines": []}, "_save_cached_boundaries": {"executed_lines": [], "summary": {"covered_lines": 0, "num_statements": 8, "percent_covered": 0.0, "percent_covered_display": "0", "missing_lines": 8, "excluded_lines": 0}, "missing_lines": [230, 231, 234, 235, 236, 239, 240, 241], "excluded_lines": []}, "_spherical_to_lonlat": {"executed_lines": [], "summary": {"covered_lines": 0, "num_statements": 6, "percent_covered": 0.0, "percent_covered_display": "0", "missing_lines": 6, "excluded_lines": 0}, "missing_lines": [267, 268, 270, 271, 273, 275], "excluded_lines": []}, "_lonlat_to_polygons": {"executed_lines": [], "summary": {"covered_lines": 0, "num_statements": 13, "percent_covered": 0.0, "percent_covered_display": "0", "missing_lines": 13, "excluded_lines": 0}, "missing_lines": [300, 301, 303, 304, 305, 306, 308, 309, 310, 311, 312, 314, 316], "excluded_lines": []}, "_load_user_settings": {"executed_lines": [], "summary": {"covered_lines": 0, "num_statements": 31, "percent_covered": 0.0, "percent_covered_display": "0", "missing_lines": 31, "excluded_lines": 0}, "missing_lines": [338, 339, 341, 344, 351, 352, 354, 355, 356, 359, 360, 361, 362, 363, 365, 366, 367, 368, 371, 372, 375, 376, 377, 379, 380, 381, 382, 383, 385, 386, 388], "excluded_lines": []}, "init_user_config": {"executed_lines": [], "summary": {"covered_lines": 0, "num_statements": 8, "percent_covered": 0.0, "percent_covered_display": "0", "missing_lines": 8, "excluded_lines": 0}, "missing_lines": [406, 407, 409, 411, 412, 414, 438, 439], "excluded_lines": []}, "manage_healpix_cache": {"executed_lines": [], "summary": {"covered_lines": 0, "num_statements": 110, "percent_covered": 0.0, "percent_covered_display": "0", "missing_lines": 110, "excluded_lines": 0}, "missing_lines": [470, 473, 474, 476, 484, 485, 486, 487, 488, 489, 490, 496, 497, 498, 500, 501, 502, 503, 504, 505, 506, 507, 509, 510, 515, 516, 518, 520, 521, 524, 525, 531, 532, 535, 537, 538, 539, 544, 545, 548, 549, 550, 551, 552, 558, 559, 562, 563, 570, 571, 574, 582, 583, 588, 590, 591, 592, 593, 594, 595, 596, 602, 609, 610, 611, 612, 613, 614, 615, 616, 618, 619, 624, 626, 628, 631, 632, 633, 634, 635, 636, 639, 640, 641, 642, 645, 647, 653, 654, 660, 661, 662, 663, 664, 665, 666, 667, 668, 669, 670, 672, 673, 674, 675, 676, 677, 678, 679, 682, 684], "excluded_lines": []}, "test_xdg_precedence": {"executed_lines": [], "summary": {"covered_lines": 0, "num_statements": 42, "percent_covered": 0.0, "percent_covered_display": "0", "missing_lines": 42, "excluded_lines": 0}, "missing_lines": [689, 692, 693, 694, 695, 697, 699, 700, 701, 704, 705, 706, 707, 710, 711, 712, 713, 714, 717, 718, 719, 720, 723, 724, 725, 726, 727, 730, 731, 732, 736, 737, 739, 740, 741, 743, 744, 745, 747, 748, 749, 751], "excluded_lines": []}, "test_cache_key_generation": {"executed_lines": [], "summary": {"covered_lines": 0, "num_statements": 3, "percent_covered": 0.0, "percent_covered_display": "0", "missing_lines": 3, "excluded_lines": 0}, "missing_lines": [756, 757, 758], "excluded_lines": []}, "test_spherical_conversion": {"executed_lines": [], "summary": {"covered_lines": 0, "num_statements": 14, "percent_covered": 0.0, "percent_covered_display": "0", "missing_lines": 14, "excluded_lines": 0}, "missing_lines": [764, 765, 766, 767, 770, 771, 772, 773, 776, 777, 778, 779, 781, 783], "excluded_lines": []}, "test_cache_mode_require_missing_cache": {"executed_lines": [], "summary": {"covered_lines": 0, "num_statements": 9, "percent_covered": 0.0, "percent_covered_display": "0", "missing_lines": 9, "excluded_lines": 0}, "missing_lines": [788, 790, 792, 795, 796, 797, 803, 804, 805], "excluded_lines": []}, "test_cache_verification_complete": {"executed_lines": [], "summary": {"covered_lines": 0, "num_statements": 11, "percent_covered": 0.0, "percent_covered_display": "0", "missing_lines": 11, "excluded_lines": 0}, "missing_lines": [810, 812, 813, 814, 817, 823, 824, 827, 832, 833, 834], "excluded_lines": []}, "test_cache_verification_missing": {"executed_lines": [], "summary": {"covered_lines": 0, "num_statements": 8, "percent_covered": 0.0, "percent_covered_display": "0", "missing_lines": 8, "excluded_lines": 0}, "missing_lines": [839, 841, 842, 843, 846, 851, 852, 853], "excluded_lines": []}, "test_cache_verification_incomplete": {"executed_lines": [], "summary": {"covered_lines": 0, "num_statements": 20, "percent_covered": 0.0, "percent_covered_display": "0", "missing_lines": 20, "excluded_lines": 0}, "missing_lines": [858, 860, 861, 862, 863, 866, 867, 868, 871, 872, 873, 874, 875, 876, 878, 879, 882, 887, 888, 889], "excluded_lines": []}, "test_cache_verification_corrupt_nans": {"executed_lines": [], "summary": {"covered_lines": 0, "num_statements": 21, "percent_covered": 0.0, "percent_covered_display": "0", "missing_lines": 21, "excluded_lines": 0}, "missing_lines": [894, 896, 897, 898, 899, 902, 903, 905, 906, 909, 910, 912, 913, 914, 915, 917, 918, 921, 926, 927, 928], "excluded_lines": []}, "_healpy_boundaries_lonlat": {"executed_lines": [], "summary": {"covered_lines": 0, "num_statements": 10, "percent_covered": 0.0, "percent_covered_display": "0", "missing_lines": 10, "excluded_lines": 0}, "missing_lines": [937, 940, 941, 942, 945, 946, 949, 950, 951, 954], "excluded_lines": []}, "_normalize_lon": {"executed_lines": [], "summary": {"covered_lines": 0, "num_statements": 5, "percent_covered": 0.0, "percent_covered_display": "0", "missing_lines": 5, "excluded_lines": 0}, "missing_lines": [963, 964, 965, 968, 969], "excluded_lines": []}, "_make_polygon_from_corners": {"executed_lines": [], "summary": {"covered_lines": 0, "num_statements": 13, "percent_covered": 0.0, "percent_covered_display": "0", "missing_lines": 13, "excluded_lines": 0}, "missing_lines": [977, 978, 979, 981, 982, 983, 984, 985, 986, 987, 989, 990, 991], "excluded_lines": []}, "healpix_to_geodataframe": {"executed_lines": [], "summary": {"covered_lines": 0, "num_statements": 38, "percent_covered": 0.0, "percent_covered_display": "0", "missing_lines": 38, "excluded_lines": 0}, "missing_lines": [1016, 1017, 1019, 1020, 1021, 1022, 1024, 1027, 1029, 1052, 1053, 1054, 1055, 1056, 1062, 1063, 1065, 1066, 1067, 1068, 1069, 1070, 1072, 1073, 1075, 1076, 1077, 1078, 1082, 1085, 1086, 1089, 1090, 1091, 1092, 1093, 1094, 1097], "excluded_lines": []}, "healpix_to_geodataframe._compute_polygons_for_pixels": {"executed_lines": [], "summary": {"covered_lines": 0, "num_statements": 18, "percent_covered": 0.0, "percent_covered_display": "0", "missing_lines": 18, "excluded_lines": 0}, "missing_lines": [1031, 1032, 1033, 1034, 1035, 1036, 1037, 1038, 1039, 1040, 1041, 1042, 1043, 1046, 1047, 1048, 1049, 1050], "excluded_lines": []}, "_load_metadata_for_aggregate": {"executed_lines": [], "summary": {"covered_lines": 0, "num_statements": 9, "percent_covered": 0.0, "percent_covered_display": "0", "missing_lines": 9, "excluded_lines": 0}, "missing_lines": [1106, 1107, 1108, 1109, 1110, 1111, 1112, 1113, 1114], "excluded_lines": []}, "_extract_healpix_params_from_metadata": {"executed_lines": [], "summary": {"covered_lines": 0, "num_statements": 16, "percent_covered": 0.0, "percent_covered_display": "0", "missing_lines": 16, "excluded_lines": 0}, "missing_lines": [1126, 1127, 1129, 1130, 1131, 1132, 1133, 1134, 1137, 1138, 1139, 1140, 1141, 1142, 1143, 1145], "excluded_lines": []}, "_validate_aggregate_file": {"executed_lines": [], "summary": {"covered_lines": 0, "num_statements": 7, "percent_covered": 0.0, "percent_covered_display": "0", "missing_lines": 7, "excluded_lines": 0}, "missing_lines": [1154, 1155, 1156, 1157, 1158, 1165, 1166], "excluded_lines": []}, "save_healpix_to_geoparquet": {"executed_lines": [], "summary": {"covered_lines": 0, "num_statements": 5, "percent_covered": 0.0, "percent_covered_display": "0", "missing_lines": 5, "excluded_lines": 0}, "missing_lines": [1192, 1193, 1194, 1196, 1197], "excluded_lines": []}, "export_healpix_to_geotiff": {"executed_lines": [], "summary": {"covered_lines": 0, "num_statements": 30, "percent_covered": 0.0, "percent_covered_display": "0", "missing_lines": 30, "excluded_lines": 0}, "missing_lines": [1225, 1226, 1227, 1228, 1229, 1231, 1233, 1234, 1237, 1238, 1239, 1240, 1242, 1244, 1246, 1247, 1250, 1251, 1254, 1255, 1256, 1258, 1259, 1261, 1262, 1263, 1265, 1267, 1280, 1282], "excluded_lines": []}, "main": {"executed_lines": [], "summary": {"covered_lines": 0, "num_statements": 16, "percent_covered": 0.0, "percent_covered_display": "0", "missing_lines": 16, "excluded_lines": 0}, "missing_lines": [1293, 1294, 1296, 1297, 1299, 1301, 1303, 1305, 1307, 1309, 1311, 1313, 1315, 1317, 1319, 1475], "excluded_lines": []}, "main.cmd": {"executed_lines": [], "summary": {"covered_lines": 0, "num_statements": 76, "percent_covered": 0.0, "percent_covered_display": "0", "missing_lines": 76, "excluded_lines": 0}, "missing_lines": [1321, 1324, 1325, 1331, 1332, 1340, 1341, 1342, 1343, 1344, 1345, 1352, 1359, 1360, 1363, 1366, 1368, 1371, 1372, 1373, 1374, 1376, 1377, 1378, 1379, 1381, 1382, 1383, 1384, 1386, 1392, 1394, 1395, 1398, 1399, 1400, 1401, 1403, 1404, 1407, 1410, 1411, 1412, 1415, 1416, 1417, 1418, 1419, 1421, 1424, 1425, 1427, 1428, 1429, 1430, 1431, 1432, 1433, 1434, 1435, 1436, 1437, 1439, 1440, 1448, 1449, 1452, 1453, 1462, 1463, 1465, 1466, 1467, 1470, 1471, 1473], "excluded_lines": []}, "": {"executed_lines": [], "summary": {"covered_lines": 0, "num_statements": 47, "percent_covered": 0.0, "percent_covered_display": "0", "missing_lines": 47, "excluded_lines": 0}, "missing_lines": [4, 11, 12, 13, 14, 15, 16, 17, 18, 19, 20, 21, 22, 23, 24, 25, 28, 29, 32, 65, 122, 156, 178, 214, 244, 279, 319, 392, 442, 687, 754, 761, 786, 808, 837, 856, 892, 931, 957, 972, 994, 1100, 1118, 1149, 1174, 1200, 1285], "excluded_lines": []}}, "classes": {"": {"executed_lines": [], "summary": {"covered_lines": 0, "num_statements": 633, "percent_covered": 0.0, "percent_covered_display": "0", "missing_lines": 633, "excluded_lines": 0}, "missing_lines": [4, 11, 12, 13, 14, 15, 16, 17, 18, 19, 20, 21, 22, 23, 24, 25, 28, 29, 32, 54, 55, 57, 59, 60, 61, 65, 104, 105, 106, 107, 110, 111, 112, 113, 114, 115, 118, 122, 141, 142, 143, 144, 146, 147, 148, 149, 150, 151, 153, 156, 173, 174, 178, 200, 201, 203, 204, 206, 207, 208, 209, 210, 214, 230, 231, 234, 235, 236, 239, 240, 241, 244, 267, 268, 270, 271, 273, 275, 279, 300, 301, 303, 304, 305, 306, 308, 309, 310, 311, 312, 314, 316, 319, 338, 339, 341, 344, 351, 352, 354, 355, 356, 359, 360, 361, 362, 363, 365, 366, 367, 368, 371, 372, 375, 376, 377, 379, 380, 381, 382, 383, 385, 386, 388, 392, 406, 407, 409, 411, 412, 414, 438, 439, 442, 470, 473, 474, 476, 484, 485, 486, 487, 488, 489, 490, 496, 497, 498, 500, 501, 502, 503, 504, 505, 506, 507, 509, 510, 515, 516, 518, 520, 521, 524, 525, 531, 532, 535, 537, 538, 539, 544, 545, 548, 549, 550, 551, 552, 558, 559, 562, 563, 570, 571, 574, 582, 583, 588, 590, 591, 592, 593, 594, 595, 596, 602, 609, 610, 611, 612, 613, 614, 615, 616, 618, 619, 624, 626, 628, 631, 632, 633, 634, 635, 636, 639, 640, 641, 642, 645, 647, 653, 654, 660, 661, 662, 663, 664, 665, 666, 667, 668, 669, 670, 672, 673, 674, 675, 676, 677, 678, 679, 682, 684, 687, 689, 692, 693, 694, 695, 697, 699, 700, 701, 704, 705, 706, 707, 710, 711, 712, 713, 714, 717, 718, 719, 720, 723, 724, 725, 726, 727, 730, 731, 732, 736, 737, 739, 740, 741, 743, 744, 745, 747, 748, 749, 751, 754, 756, 757, 758, 761, 764, 765, 766, 767, 770, 771, 772, 773, 776, 777, 778, 779, 781, 783, 786, 788, 790, 792, 795, 796, 797, 803, 804, 805, 808, 810, 812, 813, 814, 817, 823, 824, 827, 832, 833, 834, 837, 839, 841, 842, 843, 846, 851, 852, 853, 856, 858, 860, 861, 862, 863, 866, 867, 868, 871, 872, 873, 874, 875, 876, 878, 879, 882, 887, 888, 889, 892, 894, 896, 897, 898, 899, 902, 903, 905, 906, 909, 910, 912, 913, 914, 915, 917, 918, 921, 926, 927, 928, 931, 937, 940, 941, 942, 945, 946, 949, 950, 951, 954, 957, 963, 964, 965, 968, 969, 972, 977, 978, 979, 981, 982, 983, 984, 985, 986, 987, 989, 990, 991, 994, 1016, 1017, 1019, 1020, 1021, 1022, 1024, 1027, 1029, 1031, 1032, 1033, 1034, 1035, 1036, 1037, 1038, 1039, 1040, 1041, 1042, 1043, 1046, 1047, 1048, 1049, 1050, 1052, 1053, 1054, 1055, 1056, 1062, 1063, 1065, 1066, 1067, 1068, 1069, 1070, 1072, 1073, 1075, 1076, 1077, 1078, 1082, 1085, 1086, 1089, 1090, 1091, 1092, 1093, 1094, 1097, 1100, 1106, 1107, 1108, 1109, 1110, 1111, 1112, 1113, 1114, 1118, 1126, 1127, 1129, 1130, 1131, 1132, 1133, 1134, 1137, 1138, 1139, 1140, 1141, 1142, 1143, 1145, 1149, 1154, 1155, 1156, 1157, 1158, 1165, 1166, 1174, 1192, 1193, 1194, 1196, 1197, 1200, 1225, 1226, 1227, 1228, 1229, 1231, 1233, 1234, 1237, 1238, 1239, 1240, 1242, 1244, 1246, 1247, 1250, 1251, 1254, 1255, 1256, 1258, 1259, 1261, 1262, 1263, 1265, 1267, 1280, 1282, 1285, 1293, 1294, 1296, 1297, 1299, 1301, 1303, 1305, 1307, 1309, 1311, 1313, 1315, 1317, 1319, 1321, 1324, 1325, 1331, 1332, 1340, 1341, 1342, 1343, 1344, 1345, 1352, 1359, 1360, 1363, 1366, 1368, 1371, 1372, 1373, 1374, 1376, 1377, 1378, 1379, 1381, 1382, 1383, 1384, 1386, 1392, 1394, 1395, 1398, 1399, 1400, 1401, 1403, 1404, 1407, 1410, 1411, 1412, 1415, 1416, 1417, 1418, 1419, 1421, 1424, 1425, 1427, 1428, 1429, 1430, 1431, 1432, 1433, 1434, 1435, 1436, 1437, 1439, 1440, 1448, 1449, 1452, 1453, 1462, 1463, 1465, 1466, 1467, 1470, 1471, 1473, 1475], "excluded_lines": []}}}, "/home/kidpixo/Documents/work/MESSENGER/MASCS_gn_dlr_processed/healpyxel/healpyxel/metadata.py": {"executed_lines": [4, 9, 10, 11, 12, 13, 14, 15, 16, 19, 21, 22, 26, 27, 28, 29, 30, 33, 34, 35, 55, 56, 57, 58, 59, 60, 62, 80, 81, 119, 120, 154, 165, 166, 211, 219, 220, 225, 348, 468, 498, 539, 613, 666, 734], "summary": {"covered_lines": 43, "num_statements": 273, "percent_covered": 15.750915750915752, "percent_covered_display": "16", "missing_lines": 230, "excluded_lines": 0}, "missing_lines": [64, 65, 67, 68, 70, 71, 77, 78, 92, 94, 95, 96, 99, 100, 103, 104, 105, 106, 107, 108, 110, 134, 137, 138, 139, 140, 141, 142, 143, 144, 147, 148, 149, 150, 152, 160, 161, 162, 163, 182, 183, 184, 185, 187, 188, 189, 190, 191, 192, 193, 194, 195, 196, 197, 198, 200, 201, 203, 204, 206, 207, 209, 217, 222, 263, 273, 274, 275, 276, 277, 279, 280, 281, 282, 285, 286, 287, 288, 291, 294, 295, 298, 301, 303, 304, 305, 306, 309, 312, 313, 314, 315, 316, 320, 321, 324, 325, 326, 327, 328, 331, 334, 335, 336, 337, 338, 342, 343, 345, 389, 399, 400, 403, 404, 405, 406, 409, 410, 413, 416, 417, 418, 419, 422, 425, 426, 427, 428, 431, 432, 433, 434, 437, 440, 441, 442, 443, 446, 447, 448, 449, 451, 452, 453, 456, 457, 458, 459, 460, 462, 463, 465, 486, 488, 491, 492, 494, 495, 517, 520, 523, 524, 525, 528, 529, 531, 532, 534, 536, 580, 582, 583, 586, 595, 598, 599, 600, 603, 606, 607, 608, 610, 636, 639, 640, 641, 642, 643, 644, 645, 646, 647, 650, 651, 652, 653, 654, 655, 657, 658, 663, 693, 694, 704, 705, 706, 707, 708, 711, 712, 713, 714, 715, 716, 717, 718, 721, 722, 726, 727, 728, 730, 731, 755, 756, 757, 758, 759, 760, 761], "excluded_lines": [], "functions": {"HEALPyxelxMetadata.__post_init__": {"executed_lines": [], "summary": {"covered_lines": 0, "num_statements": 8, "percent_covered": 0.0, "percent_covered_display": "0", "missing_lines": 8, "excluded_lines": 0}, "missing_lines": [64, 65, 67, 68, 70, 71, 77, 78], "excluded_lines": []}, "HEALPyxelxMetadata.from_dict": {"executed_lines": [], "summary": {"covered_lines": 0, "num_statements": 13, "percent_covered": 0.0, "percent_covered_display": "0", "missing_lines": 13, "excluded_lines": 0}, "missing_lines": [92, 94, 95, 96, 99, 100, 103, 104, 105, 106, 107, 108, 110], "excluded_lines": []}, "HEALPyxelxMetadata.from_parquet": {"executed_lines": [], "summary": {"covered_lines": 0, "num_statements": 14, "percent_covered": 0.0, "percent_covered_display": "0", "missing_lines": 14, "excluded_lines": 0}, "missing_lines": [134, 137, 138, 139, 140, 141, 142, 143, 144, 147, 148, 149, 150, 152], "excluded_lines": []}, "HEALPyxelxMetadata.to_dict": {"executed_lines": [], "summary": {"covered_lines": 0, "num_statements": 4, "percent_covered": 0.0, "percent_covered_display": "0", "missing_lines": 4, "excluded_lines": 0}, "missing_lines": [160, 161, 162, 163], "excluded_lines": []}, "HEALPyxelxMetadata.write_json": {"executed_lines": [], "summary": {"covered_lines": 0, "num_statements": 12, "percent_covered": 0.0, "percent_covered_display": "0", "missing_lines": 12, "excluded_lines": 0}, "missing_lines": [182, 183, 184, 185, 187, 200, 201, 203, 204, 206, 207, 209], "excluded_lines": []}, "HEALPyxelxMetadata.write_json._jsonify": {"executed_lines": [], "summary": {"covered_lines": 0, "num_statements": 11, "percent_covered": 0.0, "percent_covered_display": "0", "missing_lines": 11, "excluded_lines": 0}, "missing_lines": [188, 189, 190, 191, 192, 193, 194, 195, 196, 197, 198], "excluded_lines": []}, "HEALPyxelxMetadata.to_parquet_metadata": {"executed_lines": [], "summary": {"covered_lines": 0, "num_statements": 1, "percent_covered": 0.0, "percent_covered_display": "0", "missing_lines": 1, "excluded_lines": 0}, "missing_lines": [217], "excluded_lines": []}, "HEALPyxelxMetadata.nest": {"executed_lines": [], "summary": {"covered_lines": 0, "num_statements": 1, "percent_covered": 0.0, "percent_covered_display": "0", "missing_lines": 1, "excluded_lines": 0}, "missing_lines": [222], "excluded_lines": []}, "validate_sidecar": {"executed_lines": [], "summary": {"covered_lines": 0, "num_statements": 45, "percent_covered": 0.0, "percent_covered_display": "0", "missing_lines": 45, "excluded_lines": 0}, "missing_lines": [263, 273, 274, 275, 276, 277, 279, 280, 281, 282, 285, 286, 287, 288, 291, 294, 295, 298, 301, 303, 304, 305, 306, 309, 312, 313, 314, 315, 316, 320, 321, 324, 325, 326, 327, 328, 331, 334, 335, 336, 337, 338, 342, 343, 345], "excluded_lines": []}, "validate_aggregate": {"executed_lines": [], "summary": {"covered_lines": 0, "num_statements": 43, "percent_covered": 0.0, "percent_covered_display": "0", "missing_lines": 43, "excluded_lines": 0}, "missing_lines": [389, 399, 400, 403, 404, 405, 406, 409, 410, 413, 416, 417, 418, 419, 422, 425, 426, 427, 428, 431, 432, 433, 434, 437, 440, 441, 442, 443, 446, 447, 448, 449, 451, 452, 453, 456, 457, 458, 459, 460, 462, 463, 465], "excluded_lines": []}, "save_with_metadata": {"executed_lines": [], "summary": {"covered_lines": 0, "num_statements": 6, "percent_covered": 0.0, "percent_covered_display": "0", "missing_lines": 6, "excluded_lines": 0}, "missing_lines": [486, 488, 491, 492, 494, 495], "excluded_lines": []}, "load_with_validation": {"executed_lines": [], "summary": {"covered_lines": 0, "num_statements": 11, "percent_covered": 0.0, "percent_covered_display": "0", "missing_lines": 11, "excluded_lines": 0}, "missing_lines": [517, 520, 523, 524, 525, 528, 529, 531, 532, 534, 536], "excluded_lines": []}, "write_metadata_with_file": {"executed_lines": [], "summary": {"covered_lines": 0, "num_statements": 13, "percent_covered": 0.0, "percent_covered_display": "0", "missing_lines": 13, "excluded_lines": 0}, "missing_lines": [580, 582, 583, 586, 595, 598, 599, 600, 603, 606, 607, 608, 610], "excluded_lines": []}, "read_metadata_from_file": {"executed_lines": [], "summary": {"covered_lines": 0, "num_statements": 19, "percent_covered": 0.0, "percent_covered_display": "0", "missing_lines": 19, "excluded_lines": 0}, "missing_lines": [636, 639, 640, 641, 642, 643, 644, 645, 646, 647, 650, 651, 652, 653, 654, 655, 657, 658, 663], "excluded_lines": []}, "validate_file_type": {"executed_lines": [], "summary": {"covered_lines": 0, "num_statements": 22, "percent_covered": 0.0, "percent_covered_display": "0", "missing_lines": 22, "excluded_lines": 0}, "missing_lines": [693, 694, 704, 705, 706, 707, 708, 711, 712, 713, 714, 715, 716, 717, 718, 721, 722, 726, 727, 728, 730, 731], "excluded_lines": []}, "load_cli_aggregate": {"executed_lines": [], "summary": {"covered_lines": 0, "num_statements": 7, "percent_covered": 0.0, "percent_covered_display": "0", "missing_lines": 7, "excluded_lines": 0}, "missing_lines": [755, 756, 757, 758, 759, 760, 761], "excluded_lines": []}, "": {"executed_lines": [4, 9, 10, 11, 12, 13, 14, 15, 16, 19, 21, 22, 26, 27, 28, 29, 30, 33, 34, 35, 55, 56, 57, 58, 59, 60, 62, 80, 81, 119, 120, 154, 165, 166, 211, 219, 220, 225, 348, 468, 498, 539, 613, 666, 734], "summary": {"covered_lines": 43, "num_statements": 43, "percent_covered": 100.0, "percent_covered_display": "100", "missing_lines": 0, "excluded_lines": 0}, "missing_lines": [], "excluded_lines": []}}, "classes": {"FileType": {"executed_lines": [], "summary": {"covered_lines": 0, "num_statements": 0, "percent_covered": 100.0, "percent_covered_display": "100", "missing_lines": 0, "excluded_lines": 0}, "missing_lines": [], "excluded_lines": []}, "HEALPyxelxMetadata": {"executed_lines": [], "summary": {"covered_lines": 0, "num_statements": 64, "percent_covered": 0.0, "percent_covered_display": "0", "missing_lines": 64, "excluded_lines": 0}, "missing_lines": [64, 65, 67, 68, 70, 71, 77, 78, 92, 94, 95, 96, 99, 100, 103, 104, 105, 106, 107, 108, 110, 134, 137, 138, 139, 140, 141, 142, 143, 144, 147, 148, 149, 150, 152, 160, 161, 162, 163, 182, 183, 184, 185, 187, 188, 189, 190, 191, 192, 193, 194, 195, 196, 197, 198, 200, 201, 203, 204, 206, 207, 209, 217, 222], "excluded_lines": []}, "": {"executed_lines": [4, 9, 10, 11, 12, 13, 14, 15, 16, 19, 21, 22, 26, 27, 28, 29, 30, 33, 34, 35, 55, 56, 57, 58, 59, 60, 62, 80, 81, 119, 120, 154, 165, 166, 211, 219, 220, 225, 348, 468, 498, 539, 613, 666, 734], "summary": {"covered_lines": 43, "num_statements": 209, "percent_covered": 20.574162679425836, "percent_covered_display": "21", "missing_lines": 166, "excluded_lines": 0}, "missing_lines": [263, 273, 274, 275, 276, 277, 279, 280, 281, 282, 285, 286, 287, 288, 291, 294, 295, 298, 301, 303, 304, 305, 306, 309, 312, 313, 314, 315, 316, 320, 321, 324, 325, 326, 327, 328, 331, 334, 335, 336, 337, 338, 342, 343, 345, 389, 399, 400, 403, 404, 405, 406, 409, 410, 413, 416, 417, 418, 419, 422, 425, 426, 427, 428, 431, 432, 433, 434, 437, 440, 441, 442, 443, 446, 447, 448, 449, 451, 452, 453, 456, 457, 458, 459, 460, 462, 463, 465, 486, 488, 491, 492, 494, 495, 517, 520, 523, 524, 525, 528, 529, 531, 532, 534, 536, 580, 582, 583, 586, 595, 598, 599, 600, 603, 606, 607, 608, 610, 636, 639, 640, 641, 642, 643, 644, 645, 646, 647, 650, 651, 652, 653, 654, 655, 657, 658, 663, 693, 694, 704, 705, 706, 707, 708, 711, 712, 713, 714, 715, 716, 717, 718, 721, 722, 726, 727, 728, 730, 731, 755, 756, 757, 758, 759, 760, 761], "excluded_lines": []}}}, "/home/kidpixo/Documents/work/MESSENGER/MASCS_gn_dlr_processed/healpyxel/healpyxel/sidecar.py": {"executed_lines": [4, 12, 27, 28, 29, 30, 31, 32, 34, 36, 37, 41, 43, 47, 48, 52, 53, 54, 55, 57, 58, 59, 68, 69, 72, 104, 140, 346, 474, 703, 732, 739, 774, 782, 834, 839, 883, 884, 885, 887, 890, 891, 892, 895, 901, 906, 915, 953, 1086, 1278], "summary": {"covered_lines": 48, "num_statements": 710, "percent_covered": 6.76056338028169, "percent_covered_display": "7", "missing_lines": 662, "excluded_lines": 0}, "missing_lines": [38, 39, 44, 45, 49, 50, 60, 61, 62, 63, 64, 65, 66, 78, 79, 82, 83, 86, 88, 89, 90, 92, 93, 94, 95, 96, 97, 98, 99, 101, 111, 112, 114, 116, 117, 120, 121, 122, 123, 124, 125, 126, 129, 130, 131, 132, 133, 134, 135, 137, 170, 171, 173, 177, 178, 179, 180, 181, 183, 184, 185, 187, 188, 189, 190, 193, 194, 195, 196, 199, 200, 202, 213, 214, 215, 216, 217, 218, 219, 220, 221, 222, 224, 226, 227, 228, 231, 234, 235, 236, 237, 240, 255, 256, 258, 260, 267, 275, 276, 280, 281, 284, 285, 286, 287, 290, 291, 292, 293, 296, 297, 298, 300, 301, 304, 305, 306, 307, 308, 309, 311, 312, 313, 314, 317, 318, 319, 321, 322, 329, 337, 339, 340, 341, 343, 355, 356, 358, 359, 360, 361, 363, 366, 367, 368, 369, 371, 372, 375, 376, 377, 378, 379, 381, 384, 385, 386, 387, 388, 391, 392, 393, 394, 395, 396, 397, 398, 399, 400, 401, 403, 406, 407, 409, 411, 412, 413, 416, 417, 418, 419, 420, 422, 424, 425, 426, 427, 430, 431, 433, 435, 436, 437, 438, 439, 441, 442, 444, 445, 446, 447, 448, 449, 450, 451, 452, 453, 454, 457, 458, 459, 460, 461, 462, 463, 464, 465, 466, 467, 469, 471, 490, 493, 494, 495, 496, 497, 498, 500, 502, 504, 505, 506, 507, 510, 511, 515, 516, 519, 520, 522, 525, 526, 529, 530, 534, 535, 536, 537, 538, 539, 540, 541, 542, 543, 544, 546, 547, 548, 549, 550, 551, 552, 553, 554, 555, 556, 557, 558, 559, 560, 562, 564, 565, 566, 567, 568, 571, 572, 573, 574, 575, 578, 579, 580, 582, 583, 584, 585, 586, 587, 588, 589, 590, 591, 594, 595, 596, 597, 599, 602, 603, 605, 606, 609, 610, 614, 615, 616, 617, 618, 620, 621, 624, 625, 626, 628, 629, 631, 632, 633, 635, 636, 637, 638, 639, 640, 641, 642, 643, 644, 645, 646, 647, 648, 649, 652, 655, 656, 657, 658, 659, 660, 661, 662, 663, 664, 665, 666, 667, 668, 669, 670, 671, 672, 674, 676, 677, 678, 679, 680, 683, 684, 685, 686, 690, 692, 693, 694, 696, 697, 698, 699, 700, 717, 718, 719, 720, 721, 722, 723, 724, 725, 726, 727, 728, 729, 734, 735, 736, 756, 757, 758, 759, 760, 761, 762, 763, 764, 765, 766, 767, 768, 769, 771, 776, 778, 779, 798, 799, 801, 831, 836, 841, 842, 843, 845, 847, 849, 851, 853, 855, 857, 859, 861, 863, 867, 869, 871, 873, 875, 877, 880, 886, 888, 893, 894, 896, 897, 898, 899, 907, 908, 909, 910, 911, 912, 921, 923, 924, 925, 926, 927, 928, 929, 930, 931, 932, 933, 934, 935, 936, 937, 938, 940, 941, 942, 943, 944, 945, 946, 947, 948, 949, 950, 959, 960, 961, 963, 965, 967, 971, 972, 973, 977, 978, 979, 982, 983, 984, 985, 988, 989, 990, 991, 992, 993, 994, 995, 997, 998, 999, 1002, 1003, 1009, 1013, 1015, 1016, 1017, 1020, 1021, 1022, 1023, 1024, 1025, 1026, 1029, 1030, 1031, 1033, 1035, 1036, 1037, 1038, 1039, 1041, 1043, 1044, 1046, 1047, 1048, 1049, 1051, 1053, 1054, 1055, 1056, 1057, 1058, 1059, 1062, 1066, 1068, 1071, 1072, 1073, 1076, 1077, 1081, 1083, 1088, 1090, 1091, 1092, 1093, 1096, 1098, 1099, 1100, 1101, 1102, 1103, 1106, 1107, 1108, 1109, 1110, 1111, 1114, 1120, 1121, 1122, 1125, 1126, 1127, 1129, 1130, 1131, 1139, 1140, 1141, 1144, 1145, 1146, 1147, 1148, 1149, 1150, 1151, 1154, 1155, 1157, 1158, 1159, 1160, 1161, 1162, 1163, 1164, 1166, 1167, 1171, 1172, 1173, 1175, 1184, 1186, 1189, 1190, 1192, 1193, 1195, 1196, 1197, 1199, 1201, 1203, 1204, 1206, 1208, 1209, 1210, 1211, 1213, 1214, 1215, 1216, 1220, 1226, 1229, 1230, 1231, 1233, 1235, 1240, 1241, 1243, 1247, 1248, 1251, 1252, 1253, 1254, 1255, 1256, 1257, 1258, 1259, 1260, 1261, 1263, 1266, 1270, 1283, 1284, 1287, 1289, 1290, 1291, 1292, 1294, 1295], "excluded_lines": [], "functions": {"compute_healpix_ids_from_lonlat": {"executed_lines": [], "summary": {"covered_lines": 0, "num_statements": 17, "percent_covered": 0.0, "percent_covered_display": "0", "missing_lines": 17, "excluded_lines": 0}, "missing_lines": [78, 79, 82, 83, 86, 88, 89, 90, 92, 93, 94, 95, 96, 97, 98, 99, 101], "excluded_lines": []}, "detect_lonlat_columns": {"executed_lines": [], "summary": {"covered_lines": 0, "num_statements": 20, "percent_covered": 0.0, "percent_covered_display": "0", "missing_lines": 20, "excluded_lines": 0}, "missing_lines": [111, 112, 114, 116, 117, 120, 121, 122, 123, 124, 125, 126, 129, 130, 131, 132, 133, 134, 135, 137], "excluded_lines": []}, "compute_geo_statistics": {"executed_lines": [], "summary": {"covered_lines": 0, "num_statements": 85, "percent_covered": 0.0, "percent_covered_display": "0", "missing_lines": 85, "excluded_lines": 0}, "missing_lines": [170, 171, 173, 177, 178, 179, 180, 181, 183, 184, 185, 187, 188, 189, 190, 193, 194, 195, 196, 199, 200, 202, 213, 214, 215, 216, 217, 218, 219, 220, 221, 222, 224, 226, 227, 228, 231, 234, 235, 236, 237, 240, 255, 256, 258, 260, 267, 275, 276, 280, 281, 284, 285, 286, 287, 290, 291, 292, 293, 296, 297, 298, 300, 301, 304, 305, 306, 307, 308, 309, 311, 312, 313, 314, 317, 318, 319, 321, 322, 329, 337, 339, 340, 341, 343], "excluded_lines": []}, "format_geo_statistics": {"executed_lines": [], "summary": {"covered_lines": 0, "num_statements": 86, "percent_covered": 0.0, "percent_covered_display": "0", "missing_lines": 86, "excluded_lines": 0}, "missing_lines": [355, 356, 358, 359, 360, 361, 363, 366, 367, 368, 369, 371, 372, 375, 376, 377, 378, 379, 381, 384, 385, 386, 387, 388, 391, 392, 393, 394, 395, 396, 397, 398, 399, 400, 401, 403, 406, 407, 409, 411, 412, 413, 416, 417, 418, 419, 420, 422, 424, 425, 426, 427, 430, 431, 433, 435, 436, 437, 438, 439, 441, 442, 444, 445, 446, 447, 448, 449, 450, 451, 452, 453, 454, 457, 458, 459, 460, 461, 462, 463, 464, 465, 466, 467, 469, 471], "excluded_lines": []}, "process_partition": {"executed_lines": [], "summary": {"covered_lines": 0, "num_statements": 128, "percent_covered": 0.0, "percent_covered_display": "0", "missing_lines": 128, "excluded_lines": 0}, "missing_lines": [490, 493, 494, 495, 496, 497, 498, 500, 502, 504, 505, 506, 507, 510, 511, 515, 516, 519, 520, 522, 525, 526, 529, 530, 534, 562, 564, 565, 566, 567, 568, 571, 572, 573, 574, 575, 578, 579, 580, 582, 583, 584, 585, 586, 587, 588, 589, 590, 591, 594, 595, 596, 597, 599, 602, 603, 605, 606, 609, 610, 614, 615, 616, 617, 618, 620, 621, 624, 625, 626, 628, 629, 631, 632, 633, 635, 636, 637, 638, 639, 640, 641, 642, 643, 644, 645, 646, 647, 648, 649, 652, 655, 656, 657, 658, 659, 660, 661, 662, 663, 664, 665, 666, 667, 668, 669, 670, 671, 672, 674, 676, 677, 678, 679, 680, 683, 684, 685, 686, 690, 692, 693, 694, 696, 697, 698, 699, 700], "excluded_lines": []}, "process_partition._is_valid_latitude": {"executed_lines": [], "summary": {"covered_lines": 0, "num_statements": 25, "percent_covered": 0.0, "percent_covered_display": "0", "missing_lines": 25, "excluded_lines": 0}, "missing_lines": [535, 536, 537, 538, 539, 540, 541, 542, 543, 544, 546, 547, 548, 549, 550, 551, 552, 553, 554, 555, 556, 557, 558, 559, 560], "excluded_lines": []}, "add_psf_weights_to_sidecar": {"executed_lines": [], "summary": {"covered_lines": 0, "num_statements": 13, "percent_covered": 0.0, "percent_covered_display": "0", "missing_lines": 13, "excluded_lines": 0}, "missing_lines": [717, 718, 719, 720, 721, 722, 723, 724, 725, 726, 727, 728, 729], "excluded_lines": []}, "normalize_weights_per_cell": {"executed_lines": [], "summary": {"covered_lines": 0, "num_statements": 3, "percent_covered": 0.0, "percent_covered_display": "0", "missing_lines": 3, "excluded_lines": 0}, "missing_lines": [734, 735, 736], "excluded_lines": []}, "compute_assignment_weight": {"executed_lines": [], "summary": {"covered_lines": 0, "num_statements": 15, "percent_covered": 0.0, "percent_covered_display": "0", "missing_lines": 15, "excluded_lines": 0}, "missing_lines": [756, 757, 758, 759, 760, 761, 762, 763, 764, 765, 766, 767, 768, 769, 771], "excluded_lines": []}, "build_output_path": {"executed_lines": [], "summary": {"covered_lines": 0, "num_statements": 3, "percent_covered": 0.0, "percent_covered_display": "0", "missing_lines": 3, "excluded_lines": 0}, "missing_lines": [776, 778, 779], "excluded_lines": []}, "write_sidecar_metadata": {"executed_lines": [], "summary": {"covered_lines": 0, "num_statements": 4, "percent_covered": 0.0, "percent_covered_display": "0", "missing_lines": 4, "excluded_lines": 0}, "missing_lines": [798, 799, 801, 831], "excluded_lines": []}, "validate_nside": {"executed_lines": [], "summary": {"covered_lines": 0, "num_statements": 1, "percent_covered": 0.0, "percent_covered_display": "0", "missing_lines": 1, "excluded_lines": 0}, "missing_lines": [836], "excluded_lines": []}, "parse_arguments": {"executed_lines": [], "summary": {"covered_lines": 0, "num_statements": 20, "percent_covered": 0.0, "percent_covered_display": "0", "missing_lines": 20, "excluded_lines": 0}, "missing_lines": [841, 842, 843, 845, 847, 849, 851, 853, 855, 857, 859, 861, 863, 867, 869, 871, 873, 875, 877, 880], "excluded_lines": []}, "PSF.__init__": {"executed_lines": [], "summary": {"covered_lines": 0, "num_statements": 1, "percent_covered": 0.0, "percent_covered_display": "0", "missing_lines": 1, "excluded_lines": 0}, "missing_lines": [886], "excluded_lines": []}, "PSF.__call__": {"executed_lines": [], "summary": {"covered_lines": 0, "num_statements": 1, "percent_covered": 0.0, "percent_covered_display": "0", "missing_lines": 1, "excluded_lines": 0}, "missing_lines": [888], "excluded_lines": []}, "GaussianPSF.__init__": {"executed_lines": [], "summary": {"covered_lines": 0, "num_statements": 2, "percent_covered": 0.0, "percent_covered_display": "0", "missing_lines": 2, "excluded_lines": 0}, "missing_lines": [893, 894], "excluded_lines": []}, "GaussianPSF.__call__": {"executed_lines": [], "summary": {"covered_lines": 0, "num_statements": 4, "percent_covered": 0.0, "percent_covered_display": "0", "missing_lines": 4, "excluded_lines": 0}, "missing_lines": [896, 897, 898, 899], "excluded_lines": []}, "get_psf": {"executed_lines": [], "summary": {"covered_lines": 0, "num_statements": 6, "percent_covered": 0.0, "percent_covered_display": "0", "missing_lines": 6, "excluded_lines": 0}, "missing_lines": [907, 908, 909, 910, 911, 912], "excluded_lines": []}, "write_partitioned_output": {"executed_lines": [], "summary": {"covered_lines": 0, "num_statements": 28, "percent_covered": 0.0, "percent_covered_display": "0", "missing_lines": 28, "excluded_lines": 0}, "missing_lines": [921, 923, 924, 925, 926, 927, 928, 929, 930, 931, 932, 933, 934, 935, 936, 937, 938, 940, 941, 942, 943, 944, 945, 946, 947, 948, 949, 950], "excluded_lines": []}, "write_coalesced_output": {"executed_lines": [], "summary": {"covered_lines": 0, "num_statements": 75, "percent_covered": 0.0, "percent_covered_display": "0", "missing_lines": 75, "excluded_lines": 0}, "missing_lines": [959, 960, 961, 963, 965, 967, 971, 972, 973, 977, 978, 979, 982, 983, 984, 985, 988, 989, 990, 991, 992, 993, 994, 995, 997, 998, 999, 1002, 1003, 1009, 1013, 1015, 1016, 1017, 1020, 1021, 1022, 1023, 1024, 1025, 1026, 1029, 1030, 1031, 1033, 1035, 1036, 1037, 1038, 1039, 1041, 1043, 1044, 1046, 1047, 1048, 1049, 1051, 1053, 1054, 1055, 1056, 1057, 1058, 1059, 1062, 1066, 1068, 1071, 1072, 1073, 1076, 1077, 1081, 1083], "excluded_lines": []}, "main": {"executed_lines": [], "summary": {"covered_lines": 0, "num_statements": 103, "percent_covered": 0.0, "percent_covered_display": "0", "missing_lines": 103, "excluded_lines": 0}, "missing_lines": [1088, 1090, 1091, 1092, 1093, 1096, 1098, 1099, 1100, 1101, 1102, 1103, 1106, 1107, 1108, 1109, 1110, 1111, 1114, 1120, 1121, 1122, 1125, 1126, 1127, 1129, 1130, 1131, 1139, 1140, 1141, 1144, 1145, 1146, 1147, 1148, 1149, 1150, 1151, 1154, 1155, 1157, 1158, 1159, 1160, 1161, 1162, 1163, 1164, 1166, 1167, 1171, 1172, 1173, 1175, 1184, 1186, 1189, 1190, 1192, 1193, 1195, 1196, 1197, 1199, 1201, 1203, 1204, 1206, 1208, 1209, 1210, 1211, 1213, 1214, 1215, 1216, 1220, 1226, 1229, 1230, 1231, 1233, 1235, 1240, 1241, 1243, 1247, 1248, 1251, 1252, 1253, 1254, 1255, 1256, 1257, 1258, 1259, 1260, 1261, 1263, 1266, 1270], "excluded_lines": []}, "get_healpix_cell_geometry": {"executed_lines": [], "summary": {"covered_lines": 0, "num_statements": 9, "percent_covered": 0.0, "percent_covered_display": "0", "missing_lines": 9, "excluded_lines": 0}, "missing_lines": [1283, 1284, 1287, 1289, 1290, 1291, 1292, 1294, 1295], "excluded_lines": []}, "": {"executed_lines": [4, 12, 27, 28, 29, 30, 31, 32, 34, 36, 37, 41, 43, 47, 48, 52, 53, 54, 55, 57, 58, 59, 68, 69, 72, 104, 140, 346, 474, 703, 732, 739, 774, 782, 834, 839, 883, 884, 885, 887, 890, 891, 892, 895, 901, 906, 915, 953, 1086, 1278], "summary": {"covered_lines": 48, "num_statements": 61, "percent_covered": 78.68852459016394, "percent_covered_display": "79", "missing_lines": 13, "excluded_lines": 0}, "missing_lines": [38, 39, 44, 45, 49, 50, 60, 61, 62, 63, 64, 65, 66], "excluded_lines": []}}, "classes": {"PSF": {"executed_lines": [], "summary": {"covered_lines": 0, "num_statements": 2, "percent_covered": 0.0, "percent_covered_display": "0", "missing_lines": 2, "excluded_lines": 0}, "missing_lines": [886, 888], "excluded_lines": []}, "GaussianPSF": {"executed_lines": [], "summary": {"covered_lines": 0, "num_statements": 6, "percent_covered": 0.0, "percent_covered_display": "0", "missing_lines": 6, "excluded_lines": 0}, "missing_lines": [893, 894, 896, 897, 898, 899], "excluded_lines": []}, "": {"executed_lines": [4, 12, 27, 28, 29, 30, 31, 32, 34, 36, 37, 41, 43, 47, 48, 52, 53, 54, 55, 57, 58, 59, 68, 69, 72, 104, 140, 346, 474, 703, 732, 739, 774, 782, 834, 839, 883, 884, 885, 887, 890, 891, 892, 895, 901, 906, 915, 953, 1086, 1278], "summary": {"covered_lines": 48, "num_statements": 702, "percent_covered": 6.837606837606837, "percent_covered_display": "7", "missing_lines": 654, "excluded_lines": 0}, "missing_lines": [38, 39, 44, 45, 49, 50, 60, 61, 62, 63, 64, 65, 66, 78, 79, 82, 83, 86, 88, 89, 90, 92, 93, 94, 95, 96, 97, 98, 99, 101, 111, 112, 114, 116, 117, 120, 121, 122, 123, 124, 125, 126, 129, 130, 131, 132, 133, 134, 135, 137, 170, 171, 173, 177, 178, 179, 180, 181, 183, 184, 185, 187, 188, 189, 190, 193, 194, 195, 196, 199, 200, 202, 213, 214, 215, 216, 217, 218, 219, 220, 221, 222, 224, 226, 227, 228, 231, 234, 235, 236, 237, 240, 255, 256, 258, 260, 267, 275, 276, 280, 281, 284, 285, 286, 287, 290, 291, 292, 293, 296, 297, 298, 300, 301, 304, 305, 306, 307, 308, 309, 311, 312, 313, 314, 317, 318, 319, 321, 322, 329, 337, 339, 340, 341, 343, 355, 356, 358, 359, 360, 361, 363, 366, 367, 368, 369, 371, 372, 375, 376, 377, 378, 379, 381, 384, 385, 386, 387, 388, 391, 392, 393, 394, 395, 396, 397, 398, 399, 400, 401, 403, 406, 407, 409, 411, 412, 413, 416, 417, 418, 419, 420, 422, 424, 425, 426, 427, 430, 431, 433, 435, 436, 437, 438, 439, 441, 442, 444, 445, 446, 447, 448, 449, 450, 451, 452, 453, 454, 457, 458, 459, 460, 461, 462, 463, 464, 465, 466, 467, 469, 471, 490, 493, 494, 495, 496, 497, 498, 500, 502, 504, 505, 506, 507, 510, 511, 515, 516, 519, 520, 522, 525, 526, 529, 530, 534, 535, 536, 537, 538, 539, 540, 541, 542, 543, 544, 546, 547, 548, 549, 550, 551, 552, 553, 554, 555, 556, 557, 558, 559, 560, 562, 564, 565, 566, 567, 568, 571, 572, 573, 574, 575, 578, 579, 580, 582, 583, 584, 585, 586, 587, 588, 589, 590, 591, 594, 595, 596, 597, 599, 602, 603, 605, 606, 609, 610, 614, 615, 616, 617, 618, 620, 621, 624, 625, 626, 628, 629, 631, 632, 633, 635, 636, 637, 638, 639, 640, 641, 642, 643, 644, 645, 646, 647, 648, 649, 652, 655, 656, 657, 658, 659, 660, 661, 662, 663, 664, 665, 666, 667, 668, 669, 670, 671, 672, 674, 676, 677, 678, 679, 680, 683, 684, 685, 686, 690, 692, 693, 694, 696, 697, 698, 699, 700, 717, 718, 719, 720, 721, 722, 723, 724, 725, 726, 727, 728, 729, 734, 735, 736, 756, 757, 758, 759, 760, 761, 762, 763, 764, 765, 766, 767, 768, 769, 771, 776, 778, 779, 798, 799, 801, 831, 836, 841, 842, 843, 845, 847, 849, 851, 853, 855, 857, 859, 861, 863, 867, 869, 871, 873, 875, 877, 880, 907, 908, 909, 910, 911, 912, 921, 923, 924, 925, 926, 927, 928, 929, 930, 931, 932, 933, 934, 935, 936, 937, 938, 940, 941, 942, 943, 944, 945, 946, 947, 948, 949, 950, 959, 960, 961, 963, 965, 967, 971, 972, 973, 977, 978, 979, 982, 983, 984, 985, 988, 989, 990, 991, 992, 993, 994, 995, 997, 998, 999, 1002, 1003, 1009, 1013, 1015, 1016, 1017, 1020, 1021, 1022, 1023, 1024, 1025, 1026, 1029, 1030, 1031, 1033, 1035, 1036, 1037, 1038, 1039, 1041, 1043, 1044, 1046, 1047, 1048, 1049, 1051, 1053, 1054, 1055, 1056, 1057, 1058, 1059, 1062, 1066, 1068, 1071, 1072, 1073, 1076, 1077, 1081, 1083, 1088, 1090, 1091, 1092, 1093, 1096, 1098, 1099, 1100, 1101, 1102, 1103, 1106, 1107, 1108, 1109, 1110, 1111, 1114, 1120, 1121, 1122, 1125, 1126, 1127, 1129, 1130, 1131, 1139, 1140, 1141, 1144, 1145, 1146, 1147, 1148, 1149, 1150, 1151, 1154, 1155, 1157, 1158, 1159, 1160, 1161, 1162, 1163, 1164, 1166, 1167, 1171, 1172, 1173, 1175, 1184, 1186, 1189, 1190, 1192, 1193, 1195, 1196, 1197, 1199, 1201, 1203, 1204, 1206, 1208, 1209, 1210, 1211, 1213, 1214, 1215, 1216, 1220, 1226, 1229, 1230, 1231, 1233, 1235, 1240, 1241, 1243, 1247, 1248, 1251, 1252, 1253, 1254, 1255, 1256, 1257, 1258, 1259, 1260, 1261, 1263, 1266, 1270, 1283, 1284, 1287, 1289, 1290, 1291, 1292, 1294, 1295], "excluded_lines": []}}}, "__init__.py": {"executed_lines": [1, 5], "summary": {"covered_lines": 2, "num_statements": 3, "percent_covered": 66.66666666666667, "percent_covered_display": "67", "missing_lines": 1, "excluded_lines": 0}, "missing_lines": [3], "excluded_lines": [], "functions": {"collect_sidecar_outputs": {"executed_lines": [], "summary": {"covered_lines": 0, "num_statements": 1, "percent_covered": 0.0, "percent_covered_display": "0", "missing_lines": 1, "excluded_lines": 0}, "missing_lines": [3], "excluded_lines": []}, "": {"executed_lines": [1, 5], "summary": {"covered_lines": 2, "num_statements": 2, "percent_covered": 100.0, "percent_covered_display": "100", "missing_lines": 0, "excluded_lines": 0}, "missing_lines": [], "excluded_lines": []}}, "classes": {"": {"executed_lines": [1, 5], "summary": {"covered_lines": 2, "num_statements": 3, "percent_covered": 66.66666666666667, "percent_covered_display": "67", "missing_lines": 1, "excluded_lines": 0}, "missing_lines": [3], "excluded_lines": []}}}, "test_core.py": {"executed_lines": [4, 7, 8, 9, 10, 11, 13, 16, 17, 19, 21, 22, 24, 26, 27, 28, 30, 32, 33, 35, 37, 38, 41, 42, 44, 46, 47, 49, 51, 53, 55, 57, 58, 60, 62, 63, 64, 66, 68, 69, 71, 73, 74, 75, 77, 79, 80, 82, 84, 85, 87, 89, 90, 92, 94, 95, 97, 99, 100, 101, 103, 105, 106, 108, 110, 111, 114, 115, 117, 119, 120, 121, 122, 124, 126, 127, 128, 129, 131, 133, 134, 135, 137, 139, 140, 141, 143, 145, 146, 148, 150, 151, 152, 153, 156, 157, 159, 161, 162, 163, 165, 167, 168, 170, 172, 173, 175, 177, 178, 179, 181, 182, 184, 186, 187, 189, 190, 192, 194, 196, 197], "summary": {"covered_lines": 117, "num_statements": 117, "percent_covered": 100.0, "percent_covered_display": "100", "missing_lines": 0, "excluded_lines": 0}, "missing_lines": [], "excluded_lines": [], "functions": {"TestValidateNside.test_valid_powers_of_2": {"executed_lines": [21, 22], "summary": {"covered_lines": 2, "num_statements": 2, "percent_covered": 100.0, "percent_covered_display": "100", "missing_lines": 0, "excluded_lines": 0}, "missing_lines": [], "excluded_lines": []}, "TestValidateNside.test_invalid_non_powers_of_2": {"executed_lines": [26, 27, 28], "summary": {"covered_lines": 3, "num_statements": 3, "percent_covered": 100.0, "percent_covered_display": "100", "missing_lines": 0, "excluded_lines": 0}, "missing_lines": [], "excluded_lines": []}, "TestValidateNside.test_zero_rejected": {"executed_lines": [32, 33], "summary": {"covered_lines": 2, "num_statements": 2, "percent_covered": 100.0, "percent_covered_display": "100", "missing_lines": 0, "excluded_lines": 0}, "missing_lines": [], "excluded_lines": []}, "TestValidateNside.test_negative_rejected": {"executed_lines": [37, 38], "summary": {"covered_lines": 2, "num_statements": 2, "percent_covered": 100.0, "percent_covered_display": "100", "missing_lines": 0, "excluded_lines": 0}, "missing_lines": [], "excluded_lines": []}, "TestMAD.test_basic_case": {"executed_lines": [46, 47], "summary": {"covered_lines": 2, "num_statements": 2, "percent_covered": 100.0, "percent_covered_display": "100", "missing_lines": 0, "excluded_lines": 0}, "missing_lines": [], "excluded_lines": []}, "TestMAD.test_even_elements": {"executed_lines": [51, 53], "summary": {"covered_lines": 2, "num_statements": 2, "percent_covered": 100.0, "percent_covered_display": "100", "missing_lines": 0, "excluded_lines": 0}, "missing_lines": [], "excluded_lines": []}, "TestMAD.test_nan_values_ignored": {"executed_lines": [57, 58], "summary": {"covered_lines": 2, "num_statements": 2, "percent_covered": 100.0, "percent_covered_display": "100", "missing_lines": 0, "excluded_lines": 0}, "missing_lines": [], "excluded_lines": []}, "TestMAD.test_all_nan_returns_nan": {"executed_lines": [62, 63, 64], "summary": {"covered_lines": 3, "num_statements": 3, "percent_covered": 100.0, "percent_covered_display": "100", "missing_lines": 0, "excluded_lines": 0}, "missing_lines": [], "excluded_lines": []}, "TestMAD.test_inf_values_ignored": {"executed_lines": [68, 69], "summary": {"covered_lines": 2, "num_statements": 2, "percent_covered": 100.0, "percent_covered_display": "100", "missing_lines": 0, "excluded_lines": 0}, "missing_lines": [], "excluded_lines": []}, "TestMAD.test_all_inf_returns_nan": {"executed_lines": [73, 74, 75], "summary": {"covered_lines": 3, "num_statements": 3, "percent_covered": 100.0, "percent_covered_display": "100", "missing_lines": 0, "excluded_lines": 0}, "missing_lines": [], "excluded_lines": []}, "TestMAD.test_single_element": {"executed_lines": [79, 80], "summary": {"covered_lines": 2, "num_statements": 2, "percent_covered": 100.0, "percent_covered_display": "100", "missing_lines": 0, "excluded_lines": 0}, "missing_lines": [], "excluded_lines": []}, "TestMAD.test_constant_array": {"executed_lines": [84, 85], "summary": {"covered_lines": 2, "num_statements": 2, "percent_covered": 100.0, "percent_covered_display": "100", "missing_lines": 0, "excluded_lines": 0}, "missing_lines": [], "excluded_lines": []}, "TestMAD.test_negative_values": {"executed_lines": [89, 90], "summary": {"covered_lines": 2, "num_statements": 2, "percent_covered": 100.0, "percent_covered_display": "100", "missing_lines": 0, "excluded_lines": 0}, "missing_lines": [], "excluded_lines": []}, "TestMAD.test_list_input": {"executed_lines": [94, 95], "summary": {"covered_lines": 2, "num_statements": 2, "percent_covered": 100.0, "percent_covered_display": "100", "missing_lines": 0, "excluded_lines": 0}, "missing_lines": [], "excluded_lines": []}, "TestMAD.test_empty_array": {"executed_lines": [99, 100, 101], "summary": {"covered_lines": 3, "num_statements": 3, "percent_covered": 100.0, "percent_covered_display": "100", "missing_lines": 0, "excluded_lines": 0}, "missing_lines": [], "excluded_lines": []}, "TestMAD.test_integer_dtype": {"executed_lines": [105, 106], "summary": {"covered_lines": 2, "num_statements": 2, "percent_covered": 100.0, "percent_covered_display": "100", "missing_lines": 0, "excluded_lines": 0}, "missing_lines": [], "excluded_lines": []}, "TestMAD.test_float_dtype": {"executed_lines": [110, 111], "summary": {"covered_lines": 2, "num_statements": 2, "percent_covered": 100.0, "percent_covered_display": "100", "missing_lines": 0, "excluded_lines": 0}, "missing_lines": [], "excluded_lines": []}, "TestRobustStd.test_basic_case": {"executed_lines": [119, 120, 121, 122], "summary": {"covered_lines": 4, "num_statements": 4, "percent_covered": 100.0, "percent_covered_display": "100", "missing_lines": 0, "excluded_lines": 0}, "missing_lines": [], "excluded_lines": []}, "TestRobustStd.test_with_nan": {"executed_lines": [126, 127, 128, 129], "summary": {"covered_lines": 4, "num_statements": 4, "percent_covered": 100.0, "percent_covered_display": "100", "missing_lines": 0, "excluded_lines": 0}, "missing_lines": [], "excluded_lines": []}, "TestRobustStd.test_all_nan_returns_nan": {"executed_lines": [133, 134, 135], "summary": {"covered_lines": 3, "num_statements": 3, "percent_covered": 100.0, "percent_covered_display": "100", "missing_lines": 0, "excluded_lines": 0}, "missing_lines": [], "excluded_lines": []}, "TestRobustStd.test_constant_array": {"executed_lines": [139, 140, 141], "summary": {"covered_lines": 3, "num_statements": 3, "percent_covered": 100.0, "percent_covered_display": "100", "missing_lines": 0, "excluded_lines": 0}, "missing_lines": [], "excluded_lines": []}, "TestRobustStd.test_single_element": {"executed_lines": [145, 146], "summary": {"covered_lines": 2, "num_statements": 2, "percent_covered": 100.0, "percent_covered_display": "100", "missing_lines": 0, "excluded_lines": 0}, "missing_lines": [], "excluded_lines": []}, "TestRobustStd.test_scaling_factor": {"executed_lines": [150, 151, 152, 153], "summary": {"covered_lines": 4, "num_statements": 4, "percent_covered": 100.0, "percent_covered_display": "100", "missing_lines": 0, "excluded_lines": 0}, "missing_lines": [], "excluded_lines": []}, "TestSetupLogger.test_logger_creation": {"executed_lines": [161, 162, 163], "summary": {"covered_lines": 3, "num_statements": 3, "percent_covered": 100.0, "percent_covered_display": "100", "missing_lines": 0, "excluded_lines": 0}, "missing_lines": [], "excluded_lines": []}, "TestSetupLogger.test_custom_log_level": {"executed_lines": [167, 168], "summary": {"covered_lines": 2, "num_statements": 2, "percent_covered": 100.0, "percent_covered_display": "100", "missing_lines": 0, "excluded_lines": 0}, "missing_lines": [], "excluded_lines": []}, "TestSetupLogger.test_has_handlers": {"executed_lines": [172, 173], "summary": {"covered_lines": 2, "num_statements": 2, "percent_covered": 100.0, "percent_covered_display": "100", "missing_lines": 0, "excluded_lines": 0}, "missing_lines": [], "excluded_lines": []}, "TestSetupLogger.test_no_duplicate_handlers": {"executed_lines": [177, 178, 179, 181, 182], "summary": {"covered_lines": 5, "num_statements": 5, "percent_covered": 100.0, "percent_covered_display": "100", "missing_lines": 0, "excluded_lines": 0}, "missing_lines": [], "excluded_lines": []}, "TestSetupLogger.test_different_log_levels": {"executed_lines": [186, 187, 189, 190], "summary": {"covered_lines": 4, "num_statements": 4, "percent_covered": 100.0, "percent_covered_display": "100", "missing_lines": 0, "excluded_lines": 0}, "missing_lines": [], "excluded_lines": []}, "TestSetupLogger.test_logger_output": {"executed_lines": [194, 196, 197], "summary": {"covered_lines": 3, "num_statements": 3, "percent_covered": 100.0, "percent_covered_display": "100", "missing_lines": 0, "excluded_lines": 0}, "missing_lines": [], "excluded_lines": []}, "": {"executed_lines": [4, 7, 8, 9, 10, 11, 13, 16, 17, 19, 24, 30, 35, 41, 42, 44, 49, 55, 60, 66, 71, 77, 82, 87, 92, 97, 103, 108, 114, 115, 117, 124, 131, 137, 143, 148, 156, 157, 159, 165, 170, 175, 184, 192], "summary": {"covered_lines": 40, "num_statements": 40, "percent_covered": 100.0, "percent_covered_display": "100", "missing_lines": 0, "excluded_lines": 0}, "missing_lines": [], "excluded_lines": []}}, "classes": {"TestValidateNside": {"executed_lines": [21, 22, 26, 27, 28, 32, 33, 37, 38], "summary": {"covered_lines": 9, "num_statements": 9, "percent_covered": 100.0, "percent_covered_display": "100", "missing_lines": 0, "excluded_lines": 0}, "missing_lines": [], "excluded_lines": []}, "TestMAD": {"executed_lines": [46, 47, 51, 53, 57, 58, 62, 63, 64, 68, 69, 73, 74, 75, 79, 80, 84, 85, 89, 90, 94, 95, 99, 100, 101, 105, 106, 110, 111], "summary": {"covered_lines": 29, "num_statements": 29, "percent_covered": 100.0, "percent_covered_display": "100", "missing_lines": 0, "excluded_lines": 0}, "missing_lines": [], "excluded_lines": []}, "TestRobustStd": {"executed_lines": [119, 120, 121, 122, 126, 127, 128, 129, 133, 134, 135, 139, 140, 141, 145, 146, 150, 151, 152, 153], "summary": {"covered_lines": 20, "num_statements": 20, "percent_covered": 100.0, "percent_covered_display": "100", "missing_lines": 0, "excluded_lines": 0}, "missing_lines": [], "excluded_lines": []}, "TestSetupLogger": {"executed_lines": [161, 162, 163, 167, 168, 172, 173, 177, 178, 179, 181, 182, 186, 187, 189, 190, 194, 196, 197], "summary": {"covered_lines": 19, "num_statements": 19, "percent_covered": 100.0, "percent_covered_display": "100", "missing_lines": 0, "excluded_lines": 0}, "missing_lines": [], "excluded_lines": []}, "": {"executed_lines": [4, 7, 8, 9, 10, 11, 13, 16, 17, 19, 24, 30, 35, 41, 42, 44, 49, 55, 60, 66, 71, 77, 82, 87, 92, 97, 103, 108, 114, 115, 117, 124, 131, 137, 143, 148, 156, 157, 159, 165, 170, 175, 184, 192], "summary": {"covered_lines": 40, "num_statements": 40, "percent_covered": 100.0, "percent_covered_display": "100", "missing_lines": 0, "excluded_lines": 0}, "missing_lines": [], "excluded_lines": []}}}, "/home/kidpixo/Documents/work/MESSENGER/MASCS_gn_dlr_processed/healpyxel/healpyxel/visualization.py": {"executed_lines": [], "summary": {"covered_lines": 0, "num_statements": 61, "percent_covered": 0.0, "percent_covered_display": "0", "missing_lines": 61, "excluded_lines": 0}, "missing_lines": [4, 7, 8, 9, 13, 14, 15, 16, 17, 19, 20, 21, 22, 23, 25, 26, 27, 28, 29, 31, 32, 33, 34, 35, 38, 40, 41, 45, 46, 52, 119, 122, 125, 126, 127, 130, 131, 134, 136, 137, 138, 139, 140, 142, 143, 146, 147, 148, 149, 151, 152, 153, 156, 157, 158, 159, 160, 162, 164, 166, 168], "excluded_lines": [], "functions": {"_check_dependencies": {"executed_lines": [], "summary": {"covered_lines": 0, "num_statements": 4, "percent_covered": 0.0, "percent_covered_display": "0", "missing_lines": 4, "excluded_lines": 0}, "missing_lines": [40, 41, 45, 46], "excluded_lines": []}, "prepare_healpix_map": {"executed_lines": [], "summary": {"covered_lines": 0, "num_statements": 31, "percent_covered": 0.0, "percent_covered_display": "0", "missing_lines": 31, "excluded_lines": 0}, "missing_lines": [119, 122, 125, 126, 127, 130, 131, 134, 136, 137, 138, 139, 140, 142, 143, 146, 147, 148, 149, 151, 152, 153, 156, 157, 158, 159, 160, 162, 164, 166, 168], "excluded_lines": []}, "": {"executed_lines": [], "summary": {"covered_lines": 0, "num_statements": 26, "percent_covered": 0.0, "percent_covered_display": "0", "missing_lines": 26, "excluded_lines": 0}, "missing_lines": [4, 7, 8, 9, 13, 14, 15, 16, 17, 19, 20, 21, 22, 23, 25, 26, 27, 28, 29, 31, 32, 33, 34, 35, 38, 52], "excluded_lines": []}}, "classes": {"": {"executed_lines": [], "summary": {"covered_lines": 0, "num_statements": 61, "percent_covered": 0.0, "percent_covered_display": "0", "missing_lines": 61, "excluded_lines": 0}, "missing_lines": [4, 7, 8, 9, 13, 14, 15, 16, 17, 19, 20, 21, 22, 23, 25, 26, 27, 28, 29, 31, 32, 33, 34, 35, 38, 40, 41, 45, 46, 52, 119, 122, 125, 126, 127, 130, 131, 134, 136, 137, 138, 139, 140, 142, 143, 146, 147, 148, 149, 151, 152, 153, 156, 157, 158, 159, 160, 162, 164, 166, 168], "excluded_lines": []}}}}, "totals": {"covered_lines": 376, "num_statements": 3168, "percent_covered": 11.868686868686869, "percent_covered_display": "12", "missing_lines": 2792, "excluded_lines": 1}}